2023-06-21 11:03:24,610 INFO  [org.jboss.modules] (main) JBoss Modules version 2.0.3.Final
2023-06-21 11:03:25,053 INFO  [org.jboss.msc] (main) JBoss MSC version 1.4.13.Final
2023-06-21 11:03:25,062 INFO  [org.jboss.threads] (main) JBoss Threads version 2.4.0.Final
2023-06-21 11:03:25,572 INFO  [org.jboss.as] (MSC service thread 1-2) WFLYSRV0049: WildFly Full 27.0.1.Final (WildFly Core 19.0.1.Final) starting
2023-06-21 11:03:25,573 DEBUG [org.jboss.as.config] (MSC service thread 1-2) Configured system properties:
	[Server:server-one] = 
	[pcid:2039722132] = 
	file.encoding = UTF-8
	file.separator = \
	java.awt.headless = true
	java.class.path = C:\Users\hp\Desktop\Alou\KIIRLAYE.V1.1\KIIRLAYE.V1.1\wildfly27\jboss-modules.jar
	java.class.version = 62.0
	java.home = C:\Users\hp\.jdks\corretto-18.0.2
	java.io.tmpdir = C:\Users\hp\AppData\Local\Temp\
	java.library.path = C:\Users\hp\.jdks\corretto-18.0.2\bin;C:\WINDOWS\Sun\Java\bin;C:\WINDOWS\system32;C:\WINDOWS;C:\Program Files\Common Files\Oracle\Java\javapath;C:\WINDOWS\system32;C:\WINDOWS;C:\WINDOWS\System32\Wbem;C:\WINDOWS\System32\WindowsPowerShell\v1.0\;C:\WINDOWS\System32\OpenSSH\;C:\Program Files\Microsoft VS Code\bin;C:\Program Files\apache-maven-3.9.0-bin\apache-maven-3.9.0\bin\bin;C:\Program Files\apache-maven-3.9.1\bin;C:\Program Files\Git\cmd;C:\Program Files\Java\jdk-17\bin;C:\WINDOWS\system32;C:\WINDOWS;C:\WINDOWS\System32\Wbem;C:\WINDOWS\System32\WindowsPowerShell\v1.0\;C:\WINDOWS\System32\OpenSSH\;C:\Program Files\Microsoft VS Code\bin;C:\Program Files\Docker\Docker\resources\bin;C:\Program Files\apache-maven-3.9.0-bin\apache-maven-3.9.0\bin\bin;C:\Program Files\Git\cmd;C:\Program Files\apache-maven-3.9.1\bin;C:\Users\hp\AppData\Roaming\nvm;C:\Program Files\nodejs;C:\Users\hp\AppData\Local\Microsoft\WindowsApps;C:\Program Files\apache-maven-3.9.0-bin\apache-maven-3.9.0\bin;C:\pgsql\bin;C:\Users\hp\AppData\Roaming\nvm;C:\Program Files\nodejs;INSTALL_PATH;%InteliJ IDEA%;C:\Program Files\Java\jdk-17\bin;;.
	java.net.preferIPv4Stack = true
	java.runtime.name = OpenJDK Runtime Environment
	java.runtime.version = 18.0.2+9-FR
	java.security.manager = allow
	java.specification.name = Java Platform API Specification
	java.specification.vendor = Oracle Corporation
	java.specification.version = 18
	java.util.logging.manager = org.jboss.logmanager.LogManager
	java.vendor = Amazon.com Inc.
	java.vendor.url = https://aws.amazon.com/corretto/
	java.vendor.url.bug = https://github.com/corretto/corretto-18/issues/
	java.vendor.version = Corretto-18.0.2.9.1
	java.version = 18.0.2
	java.version.date = 2022-07-19
	java.vm.compressedOopsMode = 32-bit
	java.vm.info = mixed mode, sharing
	java.vm.name = OpenJDK 64-Bit Server VM
	java.vm.specification.name = Java Virtual Machine Specification
	java.vm.specification.vendor = Oracle Corporation
	java.vm.specification.version = 18
	java.vm.vendor = Amazon.com Inc.
	java.vm.version = 18.0.2+9-FR
	javax.management.builder.initial = org.jboss.as.jmx.PluggableMBeanServerBuilder
	jboss.domain.base.dir = C:\Users\hp\Desktop\Alou\KIIRLAYE.V1.1\KIIRLAYE.V1.1\wildfly27\domain
	jboss.domain.config.dir = C:\Users\hp\Desktop\Alou\KIIRLAYE.V1.1\KIIRLAYE.V1.1\wildfly27\domain\configuration
	jboss.home.dir = C:\Users\hp\Desktop\Alou\KIIRLAYE.V1.1\KIIRLAYE.V1.1\wildfly27
	jboss.host.name = desktop-0h85ffo
	jboss.modules.dir = C:\Users\hp\Desktop\Alou\KIIRLAYE.V1.1\KIIRLAYE.V1.1\wildfly27\modules
	jboss.modules.system.pkgs = org.jboss.byteman
	jboss.node.name = primary:server-one
	jboss.qualified.host.name = desktop-0h85ffo
	jboss.server.base.dir = C:\Users\hp\Desktop\Alou\KIIRLAYE.V1.1\KIIRLAYE.V1.1\wildfly27\domain\servers\server-one
	jboss.server.config.dir = C:\Users\hp\Desktop\Alou\KIIRLAYE.V1.1\KIIRLAYE.V1.1\wildfly27\domain\servers\server-one\configuration
	jboss.server.data.dir = C:\Users\hp\Desktop\Alou\KIIRLAYE.V1.1\KIIRLAYE.V1.1\wildfly27\domain\servers\server-one\data
	jboss.server.deploy.dir = C:\Users\hp\Desktop\Alou\KIIRLAYE.V1.1\KIIRLAYE.V1.1\wildfly27\domain\servers\server-one\data\content
	jboss.server.log.dir = C:\Users\hp\Desktop\Alou\KIIRLAYE.V1.1\KIIRLAYE.V1.1\wildfly27\domain\servers\server-one\log
	jboss.server.name = server-one
	jboss.server.persist.config = true
	jboss.server.temp.dir = C:\Users\hp\Desktop\Alou\KIIRLAYE.V1.1\KIIRLAYE.V1.1\wildfly27\domain\servers\server-one\tmp
	jdk.debug = release
	line.separator = 

	logging.configuration = file:/C:/Users/hp/Desktop/Alou/KIIRLAYE.V1.1/KIIRLAYE.V1.1/wildfly27/domain/configuration/default-server-logging.properties
	module.path = C:\Users\hp\Desktop\Alou\KIIRLAYE.V1.1\KIIRLAYE.V1.1\wildfly27\modules
	native.encoding = Cp1252
	org.jboss.boot.log.file = C:\Users\hp\Desktop\Alou\KIIRLAYE.V1.1\KIIRLAYE.V1.1\wildfly27\domain\servers\server-one\log\server.log
	org.jboss.resolver.warning = true
	os.arch = amd64
	os.name = Windows 11
	os.version = 10.0
	path.separator = ;
	sun.arch.data.model = 64
	sun.boot.library.path = C:\Users\hp\.jdks\corretto-18.0.2\bin
	sun.cpu.endian = little
	sun.cpu.isalist = amd64
	sun.io.unicode.encoding = UnicodeLittle
	sun.java.command = C:\Users\hp\Desktop\Alou\KIIRLAYE.V1.1\KIIRLAYE.V1.1\wildfly27\jboss-modules.jar -mp C:\Users\hp\Desktop\Alou\KIIRLAYE.V1.1\KIIRLAYE.V1.1\wildfly27\modules org.jboss.as.server
	sun.java.launcher = SUN_STANDARD
	sun.jnu.encoding = Cp1252
	sun.management.compiler = HotSpot 64-Bit Tiered Compilers
	sun.os.patch.level = 
	user.country = US
	user.dir = C:\Users\hp\Desktop\Alou\KIIRLAYE.V1.1\KIIRLAYE.V1.1\wildfly27
	user.home = C:\Users\hp
	user.language = en
	user.name = hp
	user.script = 
	user.timezone = Africa/Dakar
	user.variant = 
2023-06-21 11:03:25,576 DEBUG [org.jboss.as.config] (MSC service thread 1-2) VM Arguments: --add-exports=java.desktop/sun.awt=ALL-UNNAMED --add-exports=java.naming/com.sun.jndi.ldap=ALL-UNNAMED --add-exports=java.naming/com.sun.jndi.url.ldap=ALL-UNNAMED --add-exports=java.naming/com.sun.jndi.url.ldaps=ALL-UNNAMED --add-exports=jdk.naming.dns/com.sun.jndi.dns=ALL-UNNAMED --add-opens=java.base/java.lang=ALL-UNNAMED --add-opens=java.base/java.lang.invoke=ALL-UNNAMED --add-opens=java.base/java.lang.reflect=ALL-UNNAMED --add-opens=java.base/java.io=ALL-UNNAMED --add-opens=java.base/java.security=ALL-UNNAMED --add-opens=java.base/java.util=ALL-UNNAMED --add-opens=java.base/java.util.concurrent=ALL-UNNAMED --add-opens=java.management/javax.management=ALL-UNNAMED --add-opens=java.naming/javax.naming=ALL-UNNAMED -D[Server:server-one] -D[pcid:2039722132] -Xms64m -Xmx512m -XX:MetaspaceSize=96m -XX:MaxMetaspaceSize=256m -Djava.awt.headless=true -Djava.net.preferIPv4Stack=true -Djava.security.manager=allow -Djboss.home.dir=C:\Users\hp\Desktop\Alou\KIIRLAYE.V1.1\KIIRLAYE.V1.1\wildfly27 -Djboss.modules.system.pkgs=org.jboss.byteman -Djboss.server.log.dir=C:\Users\hp\Desktop\Alou\KIIRLAYE.V1.1\KIIRLAYE.V1.1\wildfly27\domain\servers\server-one\log -Djboss.server.temp.dir=C:\Users\hp\Desktop\Alou\KIIRLAYE.V1.1\KIIRLAYE.V1.1\wildfly27\domain\servers\server-one\tmp -Djboss.server.data.dir=C:\Users\hp\Desktop\Alou\KIIRLAYE.V1.1\KIIRLAYE.V1.1\wildfly27\domain\servers\server-one\data -Dorg.jboss.boot.log.file=C:\Users\hp\Desktop\Alou\KIIRLAYE.V1.1\KIIRLAYE.V1.1\wildfly27\domain\servers\server-one\log\server.log -Dlogging.configuration=file:/C:/Users/hp/Desktop/Alou/KIIRLAYE.V1.1/KIIRLAYE.V1.1/wildfly27/domain/configuration/default-server-logging.properties 
2023-06-21 11:03:25,672 INFO  [org.xnio] (MSC service thread 1-3) XNIO version 3.8.8.Final
2023-06-21 11:03:25,679 INFO  [org.xnio.nio] (MSC service thread 1-3) XNIO NIO Implementation Version 3.8.8.Final
2023-06-21 11:03:25,726 INFO  [org.jboss.remoting] (MSC service thread 1-7) JBoss Remoting version 5.0.26.Final
2023-06-21 11:03:26,084 INFO  [org.wildfly.security] (ServerService Thread Pool -- 2) ELY00001: WildFly Elytron version 2.0.0.Final
2023-06-21 11:03:27,146 WARN  [org.jboss.as.controller] (ServerService Thread Pool -- 36) WFLYCTL0481: The runtime dependency package 'io.smallrye.opentracing-contrib' is already registered at location '/subsystem=microprofile-opentracing-smallrye'
2023-06-21 11:03:27,147 WARN  [org.jboss.as.controller] (ServerService Thread Pool -- 36) WFLYCTL0481: The runtime dependency package 'io.smallrye.opentracing-contrib' is already registered at location '/subsystem=microprofile-opentracing-smallrye'
2023-06-21 11:03:29,238 INFO  [org.jboss.as.controller.management-deprecated] (ServerService Thread Pool -- 40) WFLYCTL0028: Attribute 'cluster' in the resource at address '/subsystem=ejb3/service=remote' is deprecated, and may be removed in a future version. See the attribute description in the output of the read-resource-description operation to learn more about the deprecation.
2023-06-21 11:03:29,538 WARN  [org.jboss.as.txn] (ServerService Thread Pool -- 43) WFLYTX0013: The node-identifier attribute on the /subsystem=transactions is set to the default value. This is a danger for environments running multiple servers. Please make sure the attribute value is unique.
2023-06-21 11:03:29,552 INFO  [org.jboss.as.jaxrs] (ServerService Thread Pool -- 61) WFLYRS0016: RESTEasy version 6.2.1.Final
2023-06-21 11:03:29,574 INFO  [org.wildfly.extension.microprofile.jwt.smallrye] (ServerService Thread Pool -- 52) WFLYJWT0001: Activating MicroProfile JWT Subsystem
2023-06-21 11:03:29,583 INFO  [org.wildfly.extension.io] (ServerService Thread Pool -- 62) WFLYIO001: Worker 'default' has auto-configured to 16 IO threads with 128 max task threads based on your 8 available processors
2023-06-21 11:03:29,587 INFO  [org.wildfly.extension.microprofile.config.smallrye] (ServerService Thread Pool -- 53) WFLYCONF0001: Activating MicroProfile Config Subsystem
2023-06-21 11:03:29,605 INFO  [org.jboss.as.clustering.infinispan] (ServerService Thread Pool -- 63) WFLYCLINF0001: Activating Infinispan subsystem.
2023-06-21 11:03:29,656 INFO  [org.wildfly.extension.microprofile.opentracing] (ServerService Thread Pool -- 51) WFLYTRACEXT0001: Activating MicroProfile OpenTracing Subsystem
2023-06-21 11:03:29,658 INFO  [org.jboss.as.naming] (ServerService Thread Pool -- 50) WFLYNAM0001: Activating Naming Subsystem
2023-06-21 11:03:29,658 INFO  [org.jboss.as.webservices] (ServerService Thread Pool -- 41) WFLYWS0002: Activating WebServices Extension
2023-06-21 11:03:29,660 INFO  [org.wildfly.iiop.openjdk] (ServerService Thread Pool -- 64) WFLYIIOP0001: Activating IIOP Subsystem
2023-06-21 11:03:29,691 INFO  [org.jboss.as.jsf] (ServerService Thread Pool -- 56) WFLYJSF0007: Activated the following Jakarta Server Faces Implementations: [main]
2023-06-21 11:03:29,930 INFO  [org.wildfly.extension.undertow] (ServerService Thread Pool -- 42) WFLYUT0014: Creating file handler for path 'C:\Users\hp\Desktop\Alou\KIIRLAYE.V1.1\KIIRLAYE.V1.1\wildfly27/welcome-content' with options [directory-listing: 'false', follow-symlink: 'false', case-sensitive: 'true', safe-symlink-paths: '[]']
2023-06-21 11:03:29,938 INFO  [org.wildfly.extension.undertow] (MSC service thread 1-1) WFLYUT0003: Undertow 2.3.0.Final starting
2023-06-21 11:03:29,975 INFO  [org.jboss.as.connector.subsystems.datasources] (ServerService Thread Pool -- 72) WFLYJCA0004: Deploying JDBC-compliant driver class org.h2.Driver (version 2.1)
2023-06-21 11:03:29,987 INFO  [org.jboss.as.connector] (MSC service thread 1-2) WFLYJCA0009: Starting Jakarta Connectors Subsystem (WildFly/IronJacamar 1.5.9.Final)
2023-06-21 11:03:29,999 INFO  [org.jboss.as.naming] (MSC service thread 1-6) WFLYNAM0003: Starting Naming Service
2023-06-21 11:03:30,025 INFO  [org.jboss.as.mail.extension] (MSC service thread 1-8) WFLYMAIL0001: Bound mail session [java:jboss/mail/Default]
2023-06-21 11:03:30,026 INFO  [org.jboss.as.connector.deployers.jdbc] (MSC service thread 1-8) WFLYJCA0018: Started Driver service with driver-name = h2
2023-06-21 11:03:30,129 WARN  [org.wildfly.extension.elytron] (MSC service thread 1-1) WFLYELY00023: KeyStore file 'C:\Users\hp\Desktop\Alou\KIIRLAYE.V1.1\KIIRLAYE.V1.1\wildfly27\domain\configuration\application.keystore' does not exist. Used blank.
2023-06-21 11:03:30,237 WARN  [org.wildfly.extension.elytron] (MSC service thread 1-5) WFLYELY01084: KeyStore C:\Users\hp\Desktop\Alou\KIIRLAYE.V1.1\KIIRLAYE.V1.1\wildfly27\domain\configuration\application.keystore not found, it will be auto generated on first use with a self-signed certificate for host localhost
2023-06-21 11:03:30,501 INFO  [org.jboss.as.ejb3] (MSC service thread 1-5) WFLYEJB0481: Strict pool slsb-strict-max-pool is using a max instance size of 128 (per class), which is derived from thread worker pool sizing.
2023-06-21 11:03:30,501 INFO  [org.jboss.as.ejb3] (MSC service thread 1-7) WFLYEJB0482: Strict pool mdb-strict-max-pool is using a max instance size of 32 (per class), which is derived from the number of CPUs on this host.
2023-06-21 11:03:30,588 INFO  [org.wildfly.extension.undertow] (MSC service thread 1-4) WFLYUT0012: Started server default-server.
2023-06-21 11:03:30,592 INFO  [org.wildfly.extension.undertow] (MSC service thread 1-8) Queuing requests.
2023-06-21 11:03:30,600 INFO  [org.wildfly.extension.undertow] (MSC service thread 1-8) WFLYUT0018: Host default-host starting
2023-06-21 11:03:30,987 INFO  [org.wildfly.extension.undertow] (MSC service thread 1-5) WFLYUT0006: Undertow HTTP listener default listening on 127.0.0.1:8080
2023-06-21 11:03:31,005 INFO  [org.wildfly.extension.undertow] (MSC service thread 1-8) WFLYUT0006: Undertow HTTPS listener https listening on 127.0.0.1:8443
2023-06-21 11:03:31,247 INFO  [org.jboss.as.patching] (MSC service thread 1-4) WFLYPAT0050: WildFly Full cumulative patch ID is: base, one-off patches include: none
2023-06-21 11:03:31,333 INFO  [org.wildfly.extension.messaging-activemq] (MSC service thread 1-7) WFLYMSGAMQ0001: AIO wasn't located on this platform, it will fall back to using pure Java NIO.
2023-06-21 11:03:31,545 INFO  [org.jboss.as.ejb3] (MSC service thread 1-8) WFLYEJB0493: Jakarta Enterprise Beans subsystem suspension complete
2023-06-21 11:03:31,695 INFO  [org.jboss.ws.common.management] (MSC service thread 1-1) JBWS022052: Starting JBossWS 6.1.0.Final (Apache CXF 3.5.2.jbossorg-4) 
2023-06-21 11:03:31,910 INFO  [org.jboss.as.connector.subsystems.datasources] (MSC service thread 1-5) WFLYJCA0001: Bound data source [java:jboss/datasources/ExampleDS]
2023-06-21 11:03:32,310 INFO  [org.wildfly.iiop.openjdk] (MSC service thread 1-6) WFLYIIOP0009: CORBA ORB Service started
2023-06-21 11:03:33,281 INFO  [org.apache.activemq.artemis.core.server] (ServerService Thread Pool -- 76) AMQ221000: live Message Broker is starting with configuration Broker Configuration (clustered=false,journalDirectory=C:\Users\hp\Desktop\Alou\KIIRLAYE.V1.1\KIIRLAYE.V1.1\wildfly27\domain\servers\server-one\data\activemq\journal,bindingsDirectory=C:\Users\hp\Desktop\Alou\KIIRLAYE.V1.1\KIIRLAYE.V1.1\wildfly27\domain\servers\server-one\data\activemq\bindings,largeMessagesDirectory=C:\Users\hp\Desktop\Alou\KIIRLAYE.V1.1\KIIRLAYE.V1.1\wildfly27\domain\servers\server-one\data\activemq\largemessages,pagingDirectory=C:\Users\hp\Desktop\Alou\KIIRLAYE.V1.1\KIIRLAYE.V1.1\wildfly27\domain\servers\server-one\data\activemq\paging)
2023-06-21 11:03:33,359 INFO  [org.apache.activemq.artemis.core.server] (ServerService Thread Pool -- 76) AMQ221013: Using NIO Journal
2023-06-21 11:03:33,583 INFO  [org.apache.activemq.artemis.core.server] (ServerService Thread Pool -- 76) AMQ221043: Protocol module found: [artemis-server]. Adding protocol support for: CORE
2023-06-21 11:03:33,585 INFO  [org.apache.activemq.artemis.core.server] (ServerService Thread Pool -- 76) AMQ221043: Protocol module found: [artemis-amqp-protocol]. Adding protocol support for: AMQP
2023-06-21 11:03:33,586 INFO  [org.apache.activemq.artemis.core.server] (ServerService Thread Pool -- 76) AMQ221043: Protocol module found: [artemis-hornetq-protocol]. Adding protocol support for: HORNETQ
2023-06-21 11:03:33,587 INFO  [org.apache.activemq.artemis.core.server] (ServerService Thread Pool -- 76) AMQ221043: Protocol module found: [artemis-stomp-protocol]. Adding protocol support for: STOMP
2023-06-21 11:03:33,856 INFO  [org.apache.activemq.artemis.core.server] (ServerService Thread Pool -- 76) AMQ221034: Waiting indefinitely to obtain live lock
2023-06-21 11:03:33,857 INFO  [org.apache.activemq.artemis.core.server] (ServerService Thread Pool -- 76) AMQ221035: Live Server Obtained live lock
2023-06-21 11:03:34,574 INFO  [org.apache.activemq.artemis.core.server] (ServerService Thread Pool -- 76) AMQ221003: Deploying ANYCAST queue jms.queue.ExpiryQueue on address jms.queue.ExpiryQueue
2023-06-21 11:03:34,747 INFO  [org.apache.activemq.artemis.core.server] (ServerService Thread Pool -- 76) AMQ221003: Deploying ANYCAST queue jms.queue.DLQ on address jms.queue.DLQ
2023-06-21 11:03:34,756 INFO  [org.wildfly.extension.messaging-activemq] (MSC service thread 1-1) WFLYMSGAMQ0016: Registered HTTP upgrade for activemq-remoting protocol handled by http-acceptor-throughput acceptor
2023-06-21 11:03:34,757 INFO  [org.wildfly.extension.messaging-activemq] (MSC service thread 1-2) WFLYMSGAMQ0016: Registered HTTP upgrade for activemq-remoting protocol handled by http-acceptor acceptor
2023-06-21 11:03:34,756 INFO  [org.wildfly.extension.messaging-activemq] (MSC service thread 1-7) WFLYMSGAMQ0016: Registered HTTP upgrade for activemq-remoting protocol handled by http-acceptor acceptor
2023-06-21 11:03:34,757 INFO  [org.wildfly.extension.messaging-activemq] (MSC service thread 1-4) WFLYMSGAMQ0016: Registered HTTP upgrade for activemq-remoting protocol handled by http-acceptor-throughput acceptor
2023-06-21 11:03:35,288 INFO  [org.apache.activemq.artemis.core.server] (ServerService Thread Pool -- 76) AMQ221007: Server is now live
2023-06-21 11:03:35,289 INFO  [org.apache.activemq.artemis.core.server] (ServerService Thread Pool -- 76) AMQ221001: Apache ActiveMQ Artemis Message Broker version 2.26.0 [default, nodeID=43339df4-1023-11ee-90f7-fc7774c33b88] 
2023-06-21 11:03:35,373 INFO  [org.wildfly.extension.messaging-activemq] (ServerService Thread Pool -- 78) WFLYMSGAMQ0002: Bound messaging object to jndi name java:jboss/exported/jms/RemoteConnectionFactory
2023-06-21 11:03:35,375 INFO  [org.wildfly.extension.messaging-activemq] (ServerService Thread Pool -- 79) WFLYMSGAMQ0002: Bound messaging object to jndi name java:/ConnectionFactory
2023-06-21 11:03:35,582 INFO  [org.jboss.as.connector.deployment] (MSC service thread 1-3) WFLYJCA0007: Registered connection factory java:/JmsXA
2023-06-21 11:03:35,841 INFO  [org.apache.activemq.artemis.ra.ActiveMQRALogger] (MSC service thread 1-3) AMQ151007: Resource adaptor started
2023-06-21 11:03:35,842 INFO  [org.jboss.as.connector.services.resourceadapters.ResourceAdapterActivatorService$ResourceAdapterActivator] (MSC service thread 1-3) IJ020002: Deployed: file://RaActivatoractivemq-ra
2023-06-21 11:03:35,848 INFO  [org.jboss.as.connector.deployment] (MSC service thread 1-6) WFLYJCA0002: Bound Jakarta Connectors ConnectionFactory [java:/JmsXA]
2023-06-21 11:03:35,848 INFO  [org.jboss.as.connector.deployment] (MSC service thread 1-6) WFLYJCA0118: Binding connection factory named java:/JmsXA to alias java:jboss/DefaultJMSConnectionFactory
2023-06-21 11:03:36,382 INFO  [org.jboss.as.server] (Controller Boot Thread) WFLYSRV0212: Resuming server
2023-06-21 11:03:36,394 INFO  [org.jboss.as] (Controller Boot Thread) WFLYSRV0025: WildFly Full 27.0.1.Final (WildFly Core 19.0.1.Final) started in 12815ms - Started 307 of 583 services (368 services are lazy, passive or on-demand) 
2023-06-21 11:03:41,642 INFO  [org.jboss.as.server.deployment] (MSC service thread 1-7) WFLYSRV0027: Starting deployment of "KIIRLAYE.V1.1-1.0-SNAPSHOT" (runtime-name: "KIIRLAYE.V1.1-1.0-SNAPSHOT.war")
2023-06-21 11:03:56,330 WARN  [org.jboss.as.server.deployment] (MSC service thread 1-3) WFLYSRV0059: Class Path entry jaxb-api.jar in /C:/Users/hp/Desktop/Backend/KIIRLAYE.V1.1/target/KIIRLAYE.V1.1-1.0-SNAPSHOT/WEB-INF/lib/jaxb-core-2.3.0.jar  does not point to a valid jar for a Class-Path reference.
2023-06-21 11:03:56,332 WARN  [org.jboss.as.server.deployment] (MSC service thread 1-3) WFLYSRV0059: Class Path entry jaxb-core.jar in /C:/Users/hp/Desktop/Backend/KIIRLAYE.V1.1/target/KIIRLAYE.V1.1-1.0-SNAPSHOT/WEB-INF/lib/jaxb-impl-2.3.0.jar  does not point to a valid jar for a Class-Path reference.
2023-06-21 11:03:56,876 INFO  [org.jboss.as.jpa] (MSC service thread 1-7) WFLYJPA0002: Read persistence.xml for Ridwan
2023-06-21 11:03:57,330 INFO  [org.jipijapa] (MSC service thread 1-2) JIPIORMV6020260: Second level cache enabled for KIIRLAYE.V1.1-1.0-SNAPSHOT#Ridwan
2023-06-21 11:03:57,880 INFO  [org.jboss.weld.deployer] (MSC service thread 1-7) WFLYWELD0003: Processing weld deployment KIIRLAYE.V1.1-1.0-SNAPSHOT.war
2023-06-21 11:03:58,141 INFO  [org.hibernate.validator.internal.util.Version] (MSC service thread 1-7) HV000001: Hibernate Validator 8.0.0.Final
2023-06-21 11:03:59,024 WARN  [org.wildfly.extension.microprofile.opentracing] (MSC service thread 1-7) WFLYTRACEXT0012: No Jaeger endpoint or sender-binding configured. Installing a no-op sender
2023-06-21 11:03:59,048 INFO  [io.jaegertracing.internal.JaegerTracer] (MSC service thread 1-7) No shutdown hook registered: Please call close() manually on application shutdown.
2023-06-21 11:03:59,079 INFO  [org.wildfly.microprofile.opentracing.smallrye] (MSC service thread 1-7) WFLYTRAC0001: Tracer initialized: JaegerTracer(version=Java-1.6.0, serviceName=KIIRLAYE.V1.1-1.0-SNAPSHOT.war, reporter=RemoteReporter(sender=NoopSender(), closeEnqueueTimeout=1000), sampler=ConstSampler(decision=true, tags={sampler.type=const, sampler.param=true}), tags={hostname=DESKTOP-0H85FFO, jaeger.version=Java-1.6.0, ip=192.168.1.6}, zipkinSharedRpcSpan=false, expandExceptionLogs=false, useTraceId128Bit=false)
2023-06-21 11:03:59,329 INFO  [org.jipijapa] (MSC service thread 1-4) JIPIORMV6020260: Second level cache enabled for KIIRLAYE.V1.1-1.0-SNAPSHOT#Ridwan
2023-06-21 11:03:59,374 INFO  [org.infinispan.CONTAINER] (ServerService Thread Pool -- 8) ISPN000556: Starting user marshaller 'org.wildfly.clustering.infinispan.marshalling.jboss.JBossMarshaller'
2023-06-21 11:03:59,477 WARN  [org.jboss.as.jaxrs] (MSC service thread 1-4) WFLYRS0018: Explicit usage of Jackson annotation in a Jakarta RESTful Web Services deployment; the system will disable Jakarta JSON Binding processing for the current deployment. Consider setting the 'resteasy.preferJacksonOverJsonB' property to 'false' to restore Jakarta JSON Binding.
2023-06-21 11:03:59,513 INFO  [org.jboss.as.connector.deployers.jdbc] (MSC service thread 1-4) WFLYJCA0005: Deploying non-JDBC-compliant driver class org.postgresql.Driver (version 42.6)
2023-06-21 11:03:59,639 INFO  [org.jboss.weld.Version] (MSC service thread 1-4) WELD-000900: 5.1.0 (Final)
2023-06-21 11:03:59,824 INFO  [org.jboss.as.connector.deployers.jdbc] (MSC service thread 1-5) WFLYJCA0018: Started Driver service with driver-name = KIIRLAYE.V1.1-1.0-SNAPSHOT.war_org.postgresql.Driver_42_6
2023-06-21 11:04:00,690 ERROR [org.jboss.as.controller.management-operation] (ServerService Thread Pool -- 36) WFLYCTL0013: Operation ("deploy") failed - address: ([("deployment" => "KIIRLAYE.V1.1-1.0-SNAPSHOT")]) - failure description: {
    "WFLYCTL0412: Required services that are not installed:" => ["jboss.naming.context.java.RidwanDS"],
    "WFLYCTL0180: Services with missing/unavailable dependencies" => [
        "jboss.persistenceunit.\"KIIRLAYE.V1.1-1.0-SNAPSHOT#Ridwan\".__FIRST_PHASE__ is missing [jboss.naming.context.java.RidwanDS]",
        "jboss.persistenceunit.\"KIIRLAYE.V1.1-1.0-SNAPSHOT#Ridwan\" is missing [jboss.naming.context.java.RidwanDS]"
    ]
}
2023-06-21 11:04:00,691 ERROR [org.jboss.as.controller.management-operation] (ServerService Thread Pool -- 36) WFLYCTL0013: Operation ("deploy") failed - address: ([("deployment" => "KIIRLAYE.V1.1-1.0-SNAPSHOT")]) - failure description: {
    "WFLYCTL0412: Required services that are not installed:" => ["jboss.naming.context.java.RidwanDS"],
    "WFLYCTL0180: Services with missing/unavailable dependencies" => [
        "jboss.persistenceunit.\"KIIRLAYE.V1.1-1.0-SNAPSHOT#Ridwan\".__FIRST_PHASE__ is missing [jboss.naming.context.java.RidwanDS]",
        "jboss.persistenceunit.\"KIIRLAYE.V1.1-1.0-SNAPSHOT#Ridwan\" is missing [jboss.naming.context.java.RidwanDS]"
    ]
}
2023-06-21 11:04:00,693 ERROR [org.jboss.as.server] (ServerService Thread Pool -- 36) WFLYSRV0021: Deploy of deployment "KIIRLAYE.V1.1-1.0-SNAPSHOT.war" was rolled back with the following failure message: 
{
    "WFLYCTL0412: Required services that are not installed:" => ["jboss.naming.context.java.RidwanDS"],
    "WFLYCTL0180: Services with missing/unavailable dependencies" => [
        "jboss.persistenceunit.\"KIIRLAYE.V1.1-1.0-SNAPSHOT#Ridwan\".__FIRST_PHASE__ is missing [jboss.naming.context.java.RidwanDS]",
        "jboss.persistenceunit.\"KIIRLAYE.V1.1-1.0-SNAPSHOT#Ridwan\" is missing [jboss.naming.context.java.RidwanDS]"
    ]
}
2023-06-21 11:04:00,698 INFO  [org.jboss.as.connector.deployers.jdbc] (MSC service thread 1-1) WFLYJCA0019: Stopped Driver service with driver-name = KIIRLAYE.V1.1-1.0-SNAPSHOT.war_org.postgresql.Driver_42_6
2023-06-21 11:04:00,886 INFO  [org.jboss.as.server.deployment] (MSC service thread 1-4) WFLYSRV0028: Stopped deployment KIIRLAYE.V1.1-1.0-SNAPSHOT (runtime-name: KIIRLAYE.V1.1-1.0-SNAPSHOT.war) in 193ms
2023-06-21 11:04:16,908 INFO  [org.jboss.as.server] (ServerService Thread Pool -- 36) WFLYSRV0272: Suspending server
2023-06-21 11:04:16,910 INFO  [org.jboss.as.ejb3] (ServerService Thread Pool -- 36) WFLYEJB0493: Jakarta Enterprise Beans subsystem suspension complete
2023-06-21 11:04:16,943 INFO  [org.jboss.as.server] (main) WFLYSRV0240: ProcessController has signalled to shut down; shutting down
2023-06-21 11:04:16,951 INFO  [org.jboss.as.connector.deployment] (MSC service thread 1-7) WFLYJCA0119: Unbinding connection factory named java:/JmsXA to alias java:jboss/DefaultJMSConnectionFactory
2023-06-21 11:04:16,954 INFO  [org.jboss.as.mail.extension] (MSC service thread 1-3) WFLYMAIL0002: Unbound mail session [java:jboss/mail/Default]
2023-06-21 11:04:16,954 INFO  [org.jboss.as.connector.subsystems.datasources] (MSC service thread 1-8) WFLYJCA0010: Unbound data source [java:jboss/datasources/ExampleDS]
2023-06-21 11:04:16,956 INFO  [org.jboss.as.connector.deployment] (MSC service thread 1-7) WFLYJCA0011: Unbound Jakarta Connectors ConnectionFactory [java:/JmsXA]
2023-06-21 11:04:16,958 INFO  [org.wildfly.extension.undertow] (MSC service thread 1-2) WFLYUT0019: Host default-host stopping
2023-06-21 11:04:16,959 INFO  [org.wildfly.extension.undertow] (MSC service thread 1-3) WFLYUT0008: Undertow HTTPS listener https suspending
2023-06-21 11:04:16,960 INFO  [org.wildfly.extension.undertow] (MSC service thread 1-3) WFLYUT0007: Undertow HTTPS listener https stopped, was bound to 127.0.0.1:8443
2023-06-21 11:04:16,979 INFO  [org.jboss.as.connector.deployers.jdbc] (MSC service thread 1-3) WFLYJCA0019: Stopped Driver service with driver-name = h2
2023-06-21 11:04:17,010 INFO  [org.apache.activemq.artemis.ra.ActiveMQRALogger] (ServerService Thread Pool -- 17) AMQ151003: resource adaptor stopped
2023-06-21 11:04:17,180 INFO  [org.apache.activemq.artemis.core.server] (ServerService Thread Pool -- 17) AMQ221002: Apache ActiveMQ Artemis Message Broker version 2.26.0 [43339df4-1023-11ee-90f7-fc7774c33b88] stopped, uptime 45.501 seconds
2023-06-21 11:04:17,182 INFO  [org.wildfly.extension.undertow] (MSC service thread 1-7) WFLYUT0008: Undertow HTTP listener default suspending
2023-06-21 11:04:17,184 INFO  [org.wildfly.extension.undertow] (MSC service thread 1-7) WFLYUT0007: Undertow HTTP listener default stopped, was bound to 127.0.0.1:8080
2023-06-21 11:04:17,186 INFO  [org.wildfly.extension.undertow] (MSC service thread 1-2) WFLYUT0004: Undertow 2.3.0.Final stopping
2023-06-21 11:04:17,220 INFO  [org.jboss.as] (MSC service thread 1-7) WFLYSRV0050: WildFly Full 27.0.1.Final (WildFly Core 19.0.1.Final) stopped in 273ms
