2023-06-21 11:03:28,428 INFO  [org.jboss.modules] (main) JBoss Modules version 2.0.3.Final
2023-06-21 11:03:29,318 INFO  [org.jboss.msc] (main) JBoss MSC version 1.4.13.Final
2023-06-21 11:03:29,338 INFO  [org.jboss.threads] (main) JBoss Threads version 2.4.0.Final
2023-06-21 11:03:30,502 INFO  [org.jboss.as] (MSC service thread 1-2) WFLYSRV0049: WildFly Full 27.0.1.Final (WildFly Core 19.0.1.Final) starting
2023-06-21 11:03:30,505 DEBUG [org.jboss.as.config] (MSC service thread 1-2) Configured system properties:
	[Server:server-two] = 
	[pcid:1212093191] = 
	file.encoding = UTF-8
	file.separator = \
	java.awt.headless = true
	java.class.path = C:\Users\hp\Desktop\Alou\KIIRLAYE.V1.1\KIIRLAYE.V1.1\wildfly27\jboss-modules.jar
	java.class.version = 62.0
	java.home = C:\Users\hp\.jdks\corretto-18.0.2
	java.io.tmpdir = C:\Users\hp\AppData\Local\Temp\
	java.library.path = C:\Users\hp\.jdks\corretto-18.0.2\bin;C:\WINDOWS\Sun\Java\bin;C:\WINDOWS\system32;C:\WINDOWS;C:\Program Files\Common Files\Oracle\Java\javapath;C:\WINDOWS\system32;C:\WINDOWS;C:\WINDOWS\System32\Wbem;C:\WINDOWS\System32\WindowsPowerShell\v1.0\;C:\WINDOWS\System32\OpenSSH\;C:\Program Files\Microsoft VS Code\bin;C:\Program Files\apache-maven-3.9.0-bin\apache-maven-3.9.0\bin\bin;C:\Program Files\apache-maven-3.9.1\bin;C:\Program Files\Git\cmd;C:\Program Files\Java\jdk-17\bin;C:\WINDOWS\system32;C:\WINDOWS;C:\WINDOWS\System32\Wbem;C:\WINDOWS\System32\WindowsPowerShell\v1.0\;C:\WINDOWS\System32\OpenSSH\;C:\Program Files\Microsoft VS Code\bin;C:\Program Files\Docker\Docker\resources\bin;C:\Program Files\apache-maven-3.9.0-bin\apache-maven-3.9.0\bin\bin;C:\Program Files\Git\cmd;C:\Program Files\apache-maven-3.9.1\bin;C:\Users\hp\AppData\Roaming\nvm;C:\Program Files\nodejs;C:\Users\hp\AppData\Local\Microsoft\WindowsApps;C:\Program Files\apache-maven-3.9.0-bin\apache-maven-3.9.0\bin;C:\pgsql\bin;C:\Users\hp\AppData\Roaming\nvm;C:\Program Files\nodejs;INSTALL_PATH;%InteliJ IDEA%;C:\Program Files\Java\jdk-17\bin;;.
	java.net.preferIPv4Stack = true
	java.runtime.name = OpenJDK Runtime Environment
	java.runtime.version = 18.0.2+9-FR
	java.security.manager = allow
	java.specification.name = Java Platform API Specification
	java.specification.vendor = Oracle Corporation
	java.specification.version = 18
	java.util.logging.manager = org.jboss.logmanager.LogManager
	java.vendor = Amazon.com Inc.
	java.vendor.url = https://aws.amazon.com/corretto/
	java.vendor.url.bug = https://github.com/corretto/corretto-18/issues/
	java.vendor.version = Corretto-18.0.2.9.1
	java.version = 18.0.2
	java.version.date = 2022-07-19
	java.vm.compressedOopsMode = 32-bit
	java.vm.info = mixed mode, sharing
	java.vm.name = OpenJDK 64-Bit Server VM
	java.vm.specification.name = Java Virtual Machine Specification
	java.vm.specification.vendor = Oracle Corporation
	java.vm.specification.version = 18
	java.vm.vendor = Amazon.com Inc.
	java.vm.version = 18.0.2+9-FR
	javax.management.builder.initial = org.jboss.as.jmx.PluggableMBeanServerBuilder
	jboss.domain.base.dir = C:\Users\hp\Desktop\Alou\KIIRLAYE.V1.1\KIIRLAYE.V1.1\wildfly27\domain
	jboss.domain.config.dir = C:\Users\hp\Desktop\Alou\KIIRLAYE.V1.1\KIIRLAYE.V1.1\wildfly27\domain\configuration
	jboss.home.dir = C:\Users\hp\Desktop\Alou\KIIRLAYE.V1.1\KIIRLAYE.V1.1\wildfly27
	jboss.host.name = desktop-0h85ffo
	jboss.modules.dir = C:\Users\hp\Desktop\Alou\KIIRLAYE.V1.1\KIIRLAYE.V1.1\wildfly27\modules
	jboss.modules.system.pkgs = org.jboss.byteman
	jboss.node.name = primary:server-two
	jboss.qualified.host.name = desktop-0h85ffo
	jboss.server.base.dir = C:\Users\hp\Desktop\Alou\KIIRLAYE.V1.1\KIIRLAYE.V1.1\wildfly27\domain\servers\server-two
	jboss.server.config.dir = C:\Users\hp\Desktop\Alou\KIIRLAYE.V1.1\KIIRLAYE.V1.1\wildfly27\domain\servers\server-two\configuration
	jboss.server.data.dir = C:\Users\hp\Desktop\Alou\KIIRLAYE.V1.1\KIIRLAYE.V1.1\wildfly27\domain\servers\server-two\data
	jboss.server.deploy.dir = C:\Users\hp\Desktop\Alou\KIIRLAYE.V1.1\KIIRLAYE.V1.1\wildfly27\domain\servers\server-two\data\content
	jboss.server.log.dir = C:\Users\hp\Desktop\Alou\KIIRLAYE.V1.1\KIIRLAYE.V1.1\wildfly27\domain\servers\server-two\log
	jboss.server.name = server-two
	jboss.server.persist.config = true
	jboss.server.temp.dir = C:\Users\hp\Desktop\Alou\KIIRLAYE.V1.1\KIIRLAYE.V1.1\wildfly27\domain\servers\server-two\tmp
	jdk.debug = release
	line.separator = 

	logging.configuration = file:/C:/Users/hp/Desktop/Alou/KIIRLAYE.V1.1/KIIRLAYE.V1.1/wildfly27/domain/configuration/default-server-logging.properties
	module.path = C:\Users\hp\Desktop\Alou\KIIRLAYE.V1.1\KIIRLAYE.V1.1\wildfly27\modules
	native.encoding = Cp1252
	org.jboss.boot.log.file = C:\Users\hp\Desktop\Alou\KIIRLAYE.V1.1\KIIRLAYE.V1.1\wildfly27\domain\servers\server-two\log\server.log
	org.jboss.resolver.warning = true
	os.arch = amd64
	os.name = Windows 11
	os.version = 10.0
	path.separator = ;
	sun.arch.data.model = 64
	sun.boot.library.path = C:\Users\hp\.jdks\corretto-18.0.2\bin
	sun.cpu.endian = little
	sun.cpu.isalist = amd64
	sun.io.unicode.encoding = UnicodeLittle
	sun.java.command = C:\Users\hp\Desktop\Alou\KIIRLAYE.V1.1\KIIRLAYE.V1.1\wildfly27\jboss-modules.jar -mp C:\Users\hp\Desktop\Alou\KIIRLAYE.V1.1\KIIRLAYE.V1.1\wildfly27\modules org.jboss.as.server
	sun.java.launcher = SUN_STANDARD
	sun.jnu.encoding = Cp1252
	sun.management.compiler = HotSpot 64-Bit Tiered Compilers
	sun.os.patch.level = 
	user.country = US
	user.dir = C:\Users\hp\Desktop\Alou\KIIRLAYE.V1.1\KIIRLAYE.V1.1\wildfly27
	user.home = C:\Users\hp
	user.language = en
	user.name = hp
	user.script = 
	user.timezone = Africa/Dakar
	user.variant = 
2023-06-21 11:03:30,511 DEBUG [org.jboss.as.config] (MSC service thread 1-2) VM Arguments: --add-exports=java.desktop/sun.awt=ALL-UNNAMED --add-exports=java.naming/com.sun.jndi.ldap=ALL-UNNAMED --add-exports=java.naming/com.sun.jndi.url.ldap=ALL-UNNAMED --add-exports=java.naming/com.sun.jndi.url.ldaps=ALL-UNNAMED --add-exports=jdk.naming.dns/com.sun.jndi.dns=ALL-UNNAMED --add-opens=java.base/java.lang=ALL-UNNAMED --add-opens=java.base/java.lang.invoke=ALL-UNNAMED --add-opens=java.base/java.lang.reflect=ALL-UNNAMED --add-opens=java.base/java.io=ALL-UNNAMED --add-opens=java.base/java.security=ALL-UNNAMED --add-opens=java.base/java.util=ALL-UNNAMED --add-opens=java.base/java.util.concurrent=ALL-UNNAMED --add-opens=java.management/javax.management=ALL-UNNAMED --add-opens=java.naming/javax.naming=ALL-UNNAMED -D[Server:server-two] -D[pcid:1212093191] -Xms64m -Xmx512m -XX:MetaspaceSize=96m -XX:MaxMetaspaceSize=256m -Djava.awt.headless=true -Djava.net.preferIPv4Stack=true -Djava.security.manager=allow -Djboss.home.dir=C:\Users\hp\Desktop\Alou\KIIRLAYE.V1.1\KIIRLAYE.V1.1\wildfly27 -Djboss.modules.system.pkgs=org.jboss.byteman -Djboss.server.log.dir=C:\Users\hp\Desktop\Alou\KIIRLAYE.V1.1\KIIRLAYE.V1.1\wildfly27\domain\servers\server-two\log -Djboss.server.temp.dir=C:\Users\hp\Desktop\Alou\KIIRLAYE.V1.1\KIIRLAYE.V1.1\wildfly27\domain\servers\server-two\tmp -Djboss.server.data.dir=C:\Users\hp\Desktop\Alou\KIIRLAYE.V1.1\KIIRLAYE.V1.1\wildfly27\domain\servers\server-two\data -Dorg.jboss.boot.log.file=C:\Users\hp\Desktop\Alou\KIIRLAYE.V1.1\KIIRLAYE.V1.1\wildfly27\domain\servers\server-two\log\server.log -Dlogging.configuration=file:/C:/Users/hp/Desktop/Alou/KIIRLAYE.V1.1/KIIRLAYE.V1.1/wildfly27/domain/configuration/default-server-logging.properties 
2023-06-21 11:03:30,724 INFO  [org.xnio] (MSC service thread 1-3) XNIO version 3.8.8.Final
2023-06-21 11:03:30,743 INFO  [org.xnio.nio] (MSC service thread 1-3) XNIO NIO Implementation Version 3.8.8.Final
2023-06-21 11:03:30,826 INFO  [org.jboss.remoting] (MSC service thread 1-8) JBoss Remoting version 5.0.26.Final
2023-06-21 11:03:31,622 INFO  [org.wildfly.security] (ServerService Thread Pool -- 2) ELY00001: WildFly Elytron version 2.0.0.Final
2023-06-21 11:03:33,781 WARN  [org.jboss.as.controller] (ServerService Thread Pool -- 36) WFLYCTL0481: The runtime dependency package 'io.smallrye.opentracing-contrib' is already registered at location '/subsystem=microprofile-opentracing-smallrye'
2023-06-21 11:03:33,782 WARN  [org.jboss.as.controller] (ServerService Thread Pool -- 36) WFLYCTL0481: The runtime dependency package 'io.smallrye.opentracing-contrib' is already registered at location '/subsystem=microprofile-opentracing-smallrye'
2023-06-21 11:03:36,419 INFO  [org.jboss.as.controller.management-deprecated] (ServerService Thread Pool -- 22) WFLYCTL0028: Attribute 'cluster' in the resource at address '/subsystem=ejb3/service=remote' is deprecated, and may be removed in a future version. See the attribute description in the output of the read-resource-description operation to learn more about the deprecation.
2023-06-21 11:03:36,705 WARN  [org.jboss.as.txn] (ServerService Thread Pool -- 43) WFLYTX0013: The node-identifier attribute on the /subsystem=transactions is set to the default value. This is a danger for environments running multiple servers. Please make sure the attribute value is unique.
2023-06-21 11:03:36,760 INFO  [org.jboss.as.jaxrs] (ServerService Thread Pool -- 61) WFLYRS0016: RESTEasy version 6.2.1.Final
2023-06-21 11:03:36,763 INFO  [org.wildfly.extension.microprofile.jwt.smallrye] (ServerService Thread Pool -- 52) WFLYJWT0001: Activating MicroProfile JWT Subsystem
2023-06-21 11:03:36,773 INFO  [org.wildfly.extension.microprofile.config.smallrye] (ServerService Thread Pool -- 53) WFLYCONF0001: Activating MicroProfile Config Subsystem
2023-06-21 11:03:36,784 INFO  [org.wildfly.extension.io] (ServerService Thread Pool -- 62) WFLYIO001: Worker 'default' has auto-configured to 16 IO threads with 128 max task threads based on your 8 available processors
2023-06-21 11:03:36,807 INFO  [org.jboss.as.clustering.infinispan] (ServerService Thread Pool -- 63) WFLYCLINF0001: Activating Infinispan subsystem.
2023-06-21 11:03:36,824 INFO  [org.wildfly.extension.microprofile.opentracing] (ServerService Thread Pool -- 51) WFLYTRACEXT0001: Activating MicroProfile OpenTracing Subsystem
2023-06-21 11:03:36,836 INFO  [org.jboss.as.jsf] (ServerService Thread Pool -- 56) WFLYJSF0007: Activated the following Jakarta Server Faces Implementations: [main]
2023-06-21 11:03:36,880 INFO  [org.jboss.as.naming] (ServerService Thread Pool -- 50) WFLYNAM0001: Activating Naming Subsystem
2023-06-21 11:03:36,887 INFO  [org.wildfly.iiop.openjdk] (ServerService Thread Pool -- 64) WFLYIIOP0001: Activating IIOP Subsystem
2023-06-21 11:03:36,888 INFO  [org.jboss.as.webservices] (ServerService Thread Pool -- 41) WFLYWS0002: Activating WebServices Extension
2023-06-21 11:03:37,029 INFO  [org.wildfly.extension.undertow] (MSC service thread 1-8) WFLYUT0003: Undertow 2.3.0.Final starting
2023-06-21 11:03:37,051 INFO  [org.wildfly.extension.undertow] (ServerService Thread Pool -- 42) WFLYUT0014: Creating file handler for path 'C:\Users\hp\Desktop\Alou\KIIRLAYE.V1.1\KIIRLAYE.V1.1\wildfly27/welcome-content' with options [directory-listing: 'false', follow-symlink: 'false', case-sensitive: 'true', safe-symlink-paths: '[]']
2023-06-21 11:03:37,092 INFO  [org.jboss.as.connector] (MSC service thread 1-5) WFLYJCA0009: Starting Jakarta Connectors Subsystem (WildFly/IronJacamar 1.5.9.Final)
2023-06-21 11:03:37,225 INFO  [org.jboss.as.connector.subsystems.datasources] (ServerService Thread Pool -- 72) WFLYJCA0004: Deploying JDBC-compliant driver class org.h2.Driver (version 2.1)
2023-06-21 11:03:37,301 INFO  [org.jboss.as.naming] (MSC service thread 1-1) WFLYNAM0003: Starting Naming Service
2023-06-21 11:03:37,389 INFO  [org.jboss.as.mail.extension] (MSC service thread 1-2) WFLYMAIL0001: Bound mail session [java:jboss/mail/Default]
2023-06-21 11:03:37,390 INFO  [org.jboss.as.connector.deployers.jdbc] (MSC service thread 1-2) WFLYJCA0018: Started Driver service with driver-name = h2
2023-06-21 11:03:37,470 WARN  [org.wildfly.extension.elytron] (MSC service thread 1-3) WFLYELY00023: KeyStore file 'C:\Users\hp\Desktop\Alou\KIIRLAYE.V1.1\KIIRLAYE.V1.1\wildfly27\domain\configuration\application.keystore' does not exist. Used blank.
2023-06-21 11:03:37,555 WARN  [org.wildfly.extension.elytron] (MSC service thread 1-5) WFLYELY01084: KeyStore C:\Users\hp\Desktop\Alou\KIIRLAYE.V1.1\KIIRLAYE.V1.1\wildfly27\domain\configuration\application.keystore not found, it will be auto generated on first use with a self-signed certificate for host localhost
2023-06-21 11:03:37,743 INFO  [org.jboss.as.ejb3] (MSC service thread 1-3) WFLYEJB0482: Strict pool mdb-strict-max-pool is using a max instance size of 32 (per class), which is derived from the number of CPUs on this host.
2023-06-21 11:03:37,743 INFO  [org.jboss.as.ejb3] (MSC service thread 1-4) WFLYEJB0481: Strict pool slsb-strict-max-pool is using a max instance size of 128 (per class), which is derived from thread worker pool sizing.
2023-06-21 11:03:37,759 INFO  [org.wildfly.extension.undertow] (MSC service thread 1-2) WFLYUT0012: Started server default-server.
2023-06-21 11:03:37,762 INFO  [org.wildfly.extension.undertow] (MSC service thread 1-3) Queuing requests.
2023-06-21 11:03:37,768 INFO  [org.wildfly.extension.undertow] (MSC service thread 1-3) WFLYUT0018: Host default-host starting
2023-06-21 11:03:38,022 INFO  [org.wildfly.extension.undertow] (MSC service thread 1-6) WFLYUT0006: Undertow HTTP listener default listening on 127.0.0.1:8230
2023-06-21 11:03:38,025 INFO  [org.wildfly.extension.undertow] (MSC service thread 1-3) WFLYUT0006: Undertow HTTPS listener https listening on 127.0.0.1:8593
2023-06-21 11:03:38,240 INFO  [org.jboss.as.patching] (MSC service thread 1-7) WFLYPAT0050: WildFly Full cumulative patch ID is: base, one-off patches include: none
2023-06-21 11:03:38,273 INFO  [org.wildfly.extension.messaging-activemq] (MSC service thread 1-3) WFLYMSGAMQ0001: AIO wasn't located on this platform, it will fall back to using pure Java NIO.
2023-06-21 11:03:38,459 INFO  [org.jboss.as.ejb3] (MSC service thread 1-1) WFLYEJB0493: Jakarta Enterprise Beans subsystem suspension complete
2023-06-21 11:03:38,504 INFO  [org.jboss.ws.common.management] (MSC service thread 1-2) JBWS022052: Starting JBossWS 6.1.0.Final (Apache CXF 3.5.2.jbossorg-4) 
2023-06-21 11:03:38,608 INFO  [org.jboss.as.connector.subsystems.datasources] (MSC service thread 1-2) WFLYJCA0001: Bound data source [java:jboss/datasources/ExampleDS]
2023-06-21 11:03:38,786 INFO  [org.wildfly.iiop.openjdk] (MSC service thread 1-5) WFLYIIOP0009: CORBA ORB Service started
2023-06-21 11:03:39,244 INFO  [org.apache.activemq.artemis.core.server] (ServerService Thread Pool -- 76) AMQ221000: live Message Broker is starting with configuration Broker Configuration (clustered=false,journalDirectory=C:\Users\hp\Desktop\Alou\KIIRLAYE.V1.1\KIIRLAYE.V1.1\wildfly27\domain\servers\server-two\data\activemq\journal,bindingsDirectory=C:\Users\hp\Desktop\Alou\KIIRLAYE.V1.1\KIIRLAYE.V1.1\wildfly27\domain\servers\server-two\data\activemq\bindings,largeMessagesDirectory=C:\Users\hp\Desktop\Alou\KIIRLAYE.V1.1\KIIRLAYE.V1.1\wildfly27\domain\servers\server-two\data\activemq\largemessages,pagingDirectory=C:\Users\hp\Desktop\Alou\KIIRLAYE.V1.1\KIIRLAYE.V1.1\wildfly27\domain\servers\server-two\data\activemq\paging)
2023-06-21 11:03:39,284 INFO  [org.apache.activemq.artemis.core.server] (ServerService Thread Pool -- 76) AMQ221013: Using NIO Journal
2023-06-21 11:03:39,395 INFO  [org.apache.activemq.artemis.core.server] (ServerService Thread Pool -- 76) AMQ221043: Protocol module found: [artemis-server]. Adding protocol support for: CORE
2023-06-21 11:03:39,396 INFO  [org.apache.activemq.artemis.core.server] (ServerService Thread Pool -- 76) AMQ221043: Protocol module found: [artemis-amqp-protocol]. Adding protocol support for: AMQP
2023-06-21 11:03:39,397 INFO  [org.apache.activemq.artemis.core.server] (ServerService Thread Pool -- 76) AMQ221043: Protocol module found: [artemis-hornetq-protocol]. Adding protocol support for: HORNETQ
2023-06-21 11:03:39,398 INFO  [org.apache.activemq.artemis.core.server] (ServerService Thread Pool -- 76) AMQ221043: Protocol module found: [artemis-stomp-protocol]. Adding protocol support for: STOMP
2023-06-21 11:03:39,548 INFO  [org.apache.activemq.artemis.core.server] (ServerService Thread Pool -- 76) AMQ221034: Waiting indefinitely to obtain live lock
2023-06-21 11:03:39,548 INFO  [org.apache.activemq.artemis.core.server] (ServerService Thread Pool -- 76) AMQ221035: Live Server Obtained live lock
2023-06-21 11:03:39,846 INFO  [org.apache.activemq.artemis.core.server] (ServerService Thread Pool -- 76) AMQ221003: Deploying ANYCAST queue jms.queue.ExpiryQueue on address jms.queue.ExpiryQueue
2023-06-21 11:03:39,972 INFO  [org.apache.activemq.artemis.core.server] (ServerService Thread Pool -- 76) AMQ221003: Deploying ANYCAST queue jms.queue.DLQ on address jms.queue.DLQ
2023-06-21 11:03:39,978 INFO  [org.wildfly.extension.messaging-activemq] (MSC service thread 1-7) WFLYMSGAMQ0016: Registered HTTP upgrade for activemq-remoting protocol handled by http-acceptor acceptor
2023-06-21 11:03:39,978 INFO  [org.wildfly.extension.messaging-activemq] (MSC service thread 1-4) WFLYMSGAMQ0016: Registered HTTP upgrade for activemq-remoting protocol handled by http-acceptor-throughput acceptor
2023-06-21 11:03:39,978 INFO  [org.wildfly.extension.messaging-activemq] (MSC service thread 1-8) WFLYMSGAMQ0016: Registered HTTP upgrade for activemq-remoting protocol handled by http-acceptor-throughput acceptor
2023-06-21 11:03:39,978 INFO  [org.wildfly.extension.messaging-activemq] (MSC service thread 1-2) WFLYMSGAMQ0016: Registered HTTP upgrade for activemq-remoting protocol handled by http-acceptor acceptor
2023-06-21 11:03:40,233 INFO  [org.apache.activemq.artemis.core.server] (ServerService Thread Pool -- 76) AMQ221007: Server is now live
2023-06-21 11:03:40,234 INFO  [org.apache.activemq.artemis.core.server] (ServerService Thread Pool -- 76) AMQ221001: Apache ActiveMQ Artemis Message Broker version 2.26.0 [default, nodeID=46c3c955-1023-11ee-a51f-fc7774c33b88] 
2023-06-21 11:03:40,257 INFO  [org.wildfly.extension.messaging-activemq] (ServerService Thread Pool -- 76) WFLYMSGAMQ0002: Bound messaging object to jndi name java:/ConnectionFactory
2023-06-21 11:03:40,270 INFO  [org.wildfly.extension.messaging-activemq] (ServerService Thread Pool -- 79) WFLYMSGAMQ0002: Bound messaging object to jndi name java:jboss/exported/jms/RemoteConnectionFactory
2023-06-21 11:03:40,351 INFO  [org.jboss.as.connector.deployment] (MSC service thread 1-7) WFLYJCA0007: Registered connection factory java:/JmsXA
2023-06-21 11:03:40,441 INFO  [org.apache.activemq.artemis.ra.ActiveMQRALogger] (MSC service thread 1-7) AMQ151007: Resource adaptor started
2023-06-21 11:03:40,441 INFO  [org.jboss.as.connector.services.resourceadapters.ResourceAdapterActivatorService$ResourceAdapterActivator] (MSC service thread 1-7) IJ020002: Deployed: file://RaActivatoractivemq-ra
2023-06-21 11:03:40,443 INFO  [org.jboss.as.connector.deployment] (MSC service thread 1-8) WFLYJCA0002: Bound Jakarta Connectors ConnectionFactory [java:/JmsXA]
2023-06-21 11:03:40,443 INFO  [org.jboss.as.connector.deployment] (MSC service thread 1-7) WFLYJCA0118: Binding connection factory named java:/JmsXA to alias java:jboss/DefaultJMSConnectionFactory
2023-06-21 11:03:40,513 INFO  [org.jboss.as.server] (Controller Boot Thread) WFLYSRV0212: Resuming server
2023-06-21 11:03:40,517 INFO  [org.jboss.as] (Controller Boot Thread) WFLYSRV0025: WildFly Full 27.0.1.Final (WildFly Core 19.0.1.Final) started in 13437ms - Started 307 of 583 services (368 services are lazy, passive or on-demand) 
2023-06-21 11:03:41,628 INFO  [org.jboss.as.server.deployment] (MSC service thread 1-7) WFLYSRV0027: Starting deployment of "KIIRLAYE.V1.1-1.0-SNAPSHOT" (runtime-name: "KIIRLAYE.V1.1-1.0-SNAPSHOT.war")
2023-06-21 11:03:56,754 WARN  [org.jboss.as.server.deployment] (MSC service thread 1-8) WFLYSRV0059: Class Path entry jaxb-api.jar in /C:/Users/hp/Desktop/Backend/KIIRLAYE.V1.1/target/KIIRLAYE.V1.1-1.0-SNAPSHOT/WEB-INF/lib/jaxb-core-2.3.0.jar  does not point to a valid jar for a Class-Path reference.
2023-06-21 11:03:56,759 WARN  [org.jboss.as.server.deployment] (MSC service thread 1-8) WFLYSRV0059: Class Path entry jaxb-core.jar in /C:/Users/hp/Desktop/Backend/KIIRLAYE.V1.1/target/KIIRLAYE.V1.1-1.0-SNAPSHOT/WEB-INF/lib/jaxb-impl-2.3.0.jar  does not point to a valid jar for a Class-Path reference.
2023-06-21 11:03:57,408 INFO  [org.jboss.as.jpa] (MSC service thread 1-5) WFLYJPA0002: Read persistence.xml for Ridwan
2023-06-21 11:03:57,779 INFO  [org.jipijapa] (MSC service thread 1-7) JIPIORMV6020260: Second level cache enabled for KIIRLAYE.V1.1-1.0-SNAPSHOT#Ridwan
2023-06-21 11:03:58,496 INFO  [org.jboss.weld.deployer] (MSC service thread 1-7) WFLYWELD0003: Processing weld deployment KIIRLAYE.V1.1-1.0-SNAPSHOT.war
2023-06-21 11:03:58,849 INFO  [org.hibernate.validator.internal.util.Version] (MSC service thread 1-7) HV000001: Hibernate Validator 8.0.0.Final
2023-06-21 11:03:59,858 WARN  [org.wildfly.extension.microprofile.opentracing] (MSC service thread 1-7) WFLYTRACEXT0012: No Jaeger endpoint or sender-binding configured. Installing a no-op sender
2023-06-21 11:03:59,886 INFO  [io.jaegertracing.internal.JaegerTracer] (MSC service thread 1-7) No shutdown hook registered: Please call close() manually on application shutdown.
2023-06-21 11:03:59,890 INFO  [org.wildfly.microprofile.opentracing.smallrye] (MSC service thread 1-7) WFLYTRAC0001: Tracer initialized: JaegerTracer(version=Java-1.6.0, serviceName=KIIRLAYE.V1.1-1.0-SNAPSHOT.war, reporter=RemoteReporter(sender=NoopSender(), closeEnqueueTimeout=1000), sampler=ConstSampler(decision=true, tags={sampler.type=const, sampler.param=true}), tags={hostname=DESKTOP-0H85FFO, jaeger.version=Java-1.6.0, ip=192.168.1.6}, zipkinSharedRpcSpan=false, expandExceptionLogs=false, useTraceId128Bit=false)
2023-06-21 11:03:59,923 INFO  [org.infinispan.CONTAINER] (ServerService Thread Pool -- 36) ISPN000556: Starting user marshaller 'org.wildfly.clustering.infinispan.marshalling.jboss.JBossMarshaller'
2023-06-21 11:03:59,994 INFO  [org.jipijapa] (MSC service thread 1-7) JIPIORMV6020260: Second level cache enabled for KIIRLAYE.V1.1-1.0-SNAPSHOT#Ridwan
2023-06-21 11:04:00,075 WARN  [org.jboss.as.jaxrs] (MSC service thread 1-7) WFLYRS0018: Explicit usage of Jackson annotation in a Jakarta RESTful Web Services deployment; the system will disable Jakarta JSON Binding processing for the current deployment. Consider setting the 'resteasy.preferJacksonOverJsonB' property to 'false' to restore Jakarta JSON Binding.
2023-06-21 11:04:00,091 INFO  [org.jboss.as.connector.deployers.jdbc] (MSC service thread 1-7) WFLYJCA0005: Deploying non-JDBC-compliant driver class org.postgresql.Driver (version 42.6)
2023-06-21 11:04:00,149 INFO  [org.jboss.weld.Version] (MSC service thread 1-7) WELD-000900: 5.1.0 (Final)
2023-06-21 11:04:00,308 INFO  [org.jboss.as.connector.deployers.jdbc] (MSC service thread 1-8) WFLYJCA0018: Started Driver service with driver-name = KIIRLAYE.V1.1-1.0-SNAPSHOT.war_org.postgresql.Driver_42_6
2023-06-21 11:04:00,946 ERROR [org.jboss.as.controller.management-operation] (ServerService Thread Pool -- 77) WFLYCTL0013: Operation ("deploy") failed - address: ([("deployment" => "KIIRLAYE.V1.1-1.0-SNAPSHOT")]) - failure description: {
    "WFLYCTL0412: Required services that are not installed:" => ["jboss.naming.context.java.RidwanDS"],
    "WFLYCTL0180: Services with missing/unavailable dependencies" => [
        "jboss.persistenceunit.\"KIIRLAYE.V1.1-1.0-SNAPSHOT#Ridwan\".__FIRST_PHASE__ is missing [jboss.naming.context.java.RidwanDS]",
        "jboss.persistenceunit.\"KIIRLAYE.V1.1-1.0-SNAPSHOT#Ridwan\" is missing [jboss.naming.context.java.RidwanDS]"
    ]
}
2023-06-21 11:04:00,947 ERROR [org.jboss.as.controller.management-operation] (ServerService Thread Pool -- 77) WFLYCTL0013: Operation ("deploy") failed - address: ([("deployment" => "KIIRLAYE.V1.1-1.0-SNAPSHOT")]) - failure description: {
    "WFLYCTL0412: Required services that are not installed:" => ["jboss.naming.context.java.RidwanDS"],
    "WFLYCTL0180: Services with missing/unavailable dependencies" => [
        "jboss.persistenceunit.\"KIIRLAYE.V1.1-1.0-SNAPSHOT#Ridwan\".__FIRST_PHASE__ is missing [jboss.naming.context.java.RidwanDS]",
        "jboss.persistenceunit.\"KIIRLAYE.V1.1-1.0-SNAPSHOT#Ridwan\" is missing [jboss.naming.context.java.RidwanDS]"
    ]
}
2023-06-21 11:04:00,948 ERROR [org.jboss.as.server] (ServerService Thread Pool -- 77) WFLYSRV0021: Deploy of deployment "KIIRLAYE.V1.1-1.0-SNAPSHOT.war" was rolled back with the following failure message: 
{
    "WFLYCTL0412: Required services that are not installed:" => ["jboss.naming.context.java.RidwanDS"],
    "WFLYCTL0180: Services with missing/unavailable dependencies" => [
        "jboss.persistenceunit.\"KIIRLAYE.V1.1-1.0-SNAPSHOT#Ridwan\".__FIRST_PHASE__ is missing [jboss.naming.context.java.RidwanDS]",
        "jboss.persistenceunit.\"KIIRLAYE.V1.1-1.0-SNAPSHOT#Ridwan\" is missing [jboss.naming.context.java.RidwanDS]"
    ]
}
2023-06-21 11:04:00,957 INFO  [org.jboss.as.connector.deployers.jdbc] (MSC service thread 1-7) WFLYJCA0019: Stopped Driver service with driver-name = KIIRLAYE.V1.1-1.0-SNAPSHOT.war_org.postgresql.Driver_42_6
2023-06-21 11:04:01,115 INFO  [org.jboss.as.server.deployment] (MSC service thread 1-7) WFLYSRV0028: Stopped deployment KIIRLAYE.V1.1-1.0-SNAPSHOT (runtime-name: KIIRLAYE.V1.1-1.0-SNAPSHOT.war) in 166ms
2023-06-21 11:04:16,910 INFO  [org.jboss.as.server] (ServerService Thread Pool -- 77) WFLYSRV0272: Suspending server
2023-06-21 11:04:16,911 INFO  [org.jboss.as.ejb3] (ServerService Thread Pool -- 77) WFLYEJB0493: Jakarta Enterprise Beans subsystem suspension complete
2023-06-21 11:04:16,945 INFO  [org.jboss.as.server] (main) WFLYSRV0240: ProcessController has signalled to shut down; shutting down
2023-06-21 11:04:16,961 INFO  [org.jboss.as.mail.extension] (MSC service thread 1-1) WFLYMAIL0002: Unbound mail session [java:jboss/mail/Default]
2023-06-21 11:04:16,961 INFO  [org.jboss.as.connector.deployment] (MSC service thread 1-1) WFLYJCA0119: Unbinding connection factory named java:/JmsXA to alias java:jboss/DefaultJMSConnectionFactory
2023-06-21 11:04:16,962 INFO  [org.jboss.as.connector.subsystems.datasources] (MSC service thread 1-3) WFLYJCA0010: Unbound data source [java:jboss/datasources/ExampleDS]
2023-06-21 11:04:16,963 INFO  [org.jboss.as.connector.deployment] (MSC service thread 1-6) WFLYJCA0011: Unbound Jakarta Connectors ConnectionFactory [java:/JmsXA]
2023-06-21 11:04:16,963 INFO  [org.wildfly.extension.undertow] (MSC service thread 1-4) WFLYUT0019: Host default-host stopping
2023-06-21 11:04:16,965 INFO  [org.wildfly.extension.messaging-activemq] (MSC service thread 1-3) WFLYMSGAMQ0006: Unbound messaging object to jndi name java:jboss/exported/jms/RemoteConnectionFactory
2023-06-21 11:04:16,967 INFO  [org.wildfly.extension.undertow] (MSC service thread 1-7) WFLYUT0008: Undertow HTTPS listener https suspending
2023-06-21 11:04:16,968 INFO  [org.wildfly.extension.undertow] (MSC service thread 1-7) WFLYUT0007: Undertow HTTPS listener https stopped, was bound to 127.0.0.1:8593
2023-06-21 11:04:16,979 INFO  [org.jboss.as.connector.deployers.jdbc] (MSC service thread 1-1) WFLYJCA0019: Stopped Driver service with driver-name = h2
2023-06-21 11:04:17,008 INFO  [org.apache.activemq.artemis.ra.ActiveMQRALogger] (ServerService Thread Pool -- 36) AMQ151003: resource adaptor stopped
2023-06-21 11:04:17,179 INFO  [org.apache.activemq.artemis.core.server] (ServerService Thread Pool -- 36) AMQ221002: Apache ActiveMQ Artemis Message Broker version 2.26.0 [46c3c955-1023-11ee-a51f-fc7774c33b88] stopped, uptime 38.666 seconds
2023-06-21 11:04:17,181 INFO  [org.wildfly.extension.undertow] (MSC service thread 1-2) WFLYUT0008: Undertow HTTP listener default suspending
2023-06-21 11:04:17,182 INFO  [org.wildfly.extension.undertow] (MSC service thread 1-2) WFLYUT0007: Undertow HTTP listener default stopped, was bound to 127.0.0.1:8230
2023-06-21 11:04:17,185 INFO  [org.wildfly.extension.undertow] (MSC service thread 1-4) WFLYUT0004: Undertow 2.3.0.Final stopping
2023-06-21 11:04:17,219 INFO  [org.jboss.as] (MSC service thread 1-1) WFLYSRV0050: WildFly Full 27.0.1.Final (WildFly Core 19.0.1.Final) stopped in 268ms
