2023-04-13 12:15:38,589 INFO  [org.jboss.modules] (main) JBoss Modules version 2.0.3.Final
2023-04-13 12:15:43,161 INFO  [org.jboss.msc] (main) JBoss MSC version 1.4.13.Final
2023-04-13 12:15:43,182 INFO  [org.jboss.threads] (main) JBoss Threads version 2.4.0.Final
2023-04-13 12:15:43,535 INFO  [org.jboss.as] (MSC service thread 1-2) WFLYSRV0049: WildFly Full 27.0.1.Final (WildFly Core 19.0.1.Final) starting
2023-04-13 12:15:43,537 DEBUG [org.jboss.as.config] (MSC service thread 1-2) Configured system properties:
	file.encoding = Cp1252
	file.separator = \
	java.awt.headless = true
	java.class.path = D:\PROJECT\KIIRLAYE.V1.0\wildfly27\jboss-modules.jar
	java.class.version = 61.0
	java.home = F:\JDK\jdk-17.0.6+10
	java.io.tmpdir = C:\Users\MANE\AppData\Local\Temp\
	java.library.path = F:\JDK\jdk-17.0.6+10\bin;C:\Windows\Sun\Java\bin;C:\Windows\system32;C:\Windows;C:\Program Files (x86)\Common Files\Intel\Shared Libraries\redist\intel64\compiler;C:\Python311\Scripts\;C:\Python311\;C:\Program Files\Common Files\Oracle\Java\javapath;C:\Program Files (x86)\Common Files\Oracle\Java\javapath;C:\Windows\system32;C:\Windows;C:\Windows\System32\Wbem;C:\Windows\System32\WindowsPowerShell\v1.0\;C:\Windows\System32\OpenSSH\;C:\apache-maven-3.8.7\bin;C:\apache-maven-3.8.7\bin;C:\wamp64\bin\mysql\mysql8.0.31\bin;C:\Program Files\nodejs\;C:\ProgramData\chocolatey\bin;C:\Program Files\dotnet\;C:\wamp64\bin\mysql\mysql8.0.31\bin;C:\Program Files\Git\cmd;C:\postgresDB\pgsql\bin;C:\Users\MANE\AppData\Local\Microsoft\WindowsApps;C:\Users\MANE\AppData\Local\Programs\Microsoft VS Code\bin;C:\wamp64\bin\mysql\mysql8.0.31\bin;C:\Users\MANE\AppData\Roaming\npm;C:\Users\MANE\.dotnet\tools;C:\wamp64\bin\mysql\mysql8.0.31\bin;F:\JDK\jdk-17.0.6+10\bin;;.
	java.net.preferIPv4Stack = true
	java.runtime.name = OpenJDK Runtime Environment
	java.runtime.version = 17.0.6+10
	java.security.manager = allow
	java.specification.name = Java Platform API Specification
	java.specification.vendor = Oracle Corporation
	java.specification.version = 17
	java.util.logging.manager = org.jboss.logmanager.LogManager
	java.vendor = Eclipse Adoptium
	java.vendor.url = https://adoptium.net/
	java.vendor.url.bug = https://github.com/adoptium/adoptium-support/issues
	java.vendor.version = Temurin-17.0.6+10
	java.version = 17.0.6
	java.version.date = 2023-01-17
	java.vm.compressedOopsMode = 32-bit
	java.vm.info = mixed mode, sharing
	java.vm.name = OpenJDK 64-Bit Server VM
	java.vm.specification.name = Java Virtual Machine Specification
	java.vm.specification.vendor = Oracle Corporation
	java.vm.specification.version = 17
	java.vm.vendor = Eclipse Adoptium
	java.vm.version = 17.0.6+10
	javax.management.builder.initial = org.jboss.as.jmx.PluggableMBeanServerBuilder
	jboss.home.dir = D:\PROJECT\KIIRLAYE.V1.0\wildfly27
	jboss.host.name = desktop-j67o7f4
	jboss.modules.dir = D:\PROJECT\KIIRLAYE.V1.0\wildfly27\modules
	jboss.modules.system.pkgs = org.jboss.byteman
	jboss.node.name = desktop-j67o7f4
	jboss.qualified.host.name = desktop-j67o7f4
	jboss.server.base.dir = D:\PROJECT\KIIRLAYE.V1.0\wildfly27\standalone
	jboss.server.config.dir = D:\PROJECT\KIIRLAYE.V1.0\wildfly27\standalone\configuration
	jboss.server.data.dir = D:\PROJECT\KIIRLAYE.V1.0\wildfly27\standalone\data
	jboss.server.deploy.dir = D:\PROJECT\KIIRLAYE.V1.0\wildfly27\standalone\data\content
	jboss.server.log.dir = D:\PROJECT\KIIRLAYE.V1.0\wildfly27\standalone\log
	jboss.server.name = desktop-j67o7f4
	jboss.server.persist.config = true
	jboss.server.temp.dir = D:\PROJECT\KIIRLAYE.V1.0\wildfly27\standalone\tmp
	jdk.debug = release
	line.separator = 

	logging.configuration = file:D:\PROJECT\KIIRLAYE.V1.0\wildfly27\standalone\configuration/logging.properties
	module.path = D:\PROJECT\KIIRLAYE.V1.0\wildfly27\modules
	native.encoding = Cp1252
	org.jboss.boot.log.file = D:\PROJECT\KIIRLAYE.V1.0\wildfly27\standalone\log\server.log
	org.jboss.resolver.warning = true
	os.arch = amd64
	os.name = Windows 11
	os.version = 10.0
	path.separator = ;
	program.name = standalone.bat
	sun.arch.data.model = 64
	sun.boot.library.path = F:\JDK\jdk-17.0.6+10\bin
	sun.cpu.endian = little
	sun.cpu.isalist = amd64
	sun.io.unicode.encoding = UnicodeLittle
	sun.java.command = D:\PROJECT\KIIRLAYE.V1.0\wildfly27\jboss-modules.jar -mp D:\PROJECT\KIIRLAYE.V1.0\wildfly27\modules org.jboss.as.standalone -Djboss.home.dir=D:\PROJECT\KIIRLAYE.V1.0\wildfly27
	sun.java.launcher = SUN_STANDARD
	sun.jnu.encoding = Cp1252
	sun.management.compiler = HotSpot 64-Bit Tiered Compilers
	sun.os.patch.level = 
	user.country = SN
	user.dir = D:\PROJECT\KIIRLAYE.V1.0\wildfly27\bin
	user.home = C:\Users\MANE
	user.language = fr
	user.name = MANE
	user.script = 
	user.timezone = Etc/UTC
	user.variant = 
2023-04-13 12:15:43,546 DEBUG [org.jboss.as.config] (MSC service thread 1-2) VM Arguments: -Dprogram.name=standalone.bat -Xms64M -Xmx512M -XX:MetaspaceSize=96M -XX:MaxMetaspaceSize=256m -Djava.net.preferIPv4Stack=true -Djboss.modules.system.pkgs=org.jboss.byteman -Djava.awt.headless=true --add-exports=java.desktop/sun.awt=ALL-UNNAMED --add-exports=java.naming/com.sun.jndi.ldap=ALL-UNNAMED --add-exports=java.naming/com.sun.jndi.url.ldap=ALL-UNNAMED --add-exports=java.naming/com.sun.jndi.url.ldaps=ALL-UNNAMED --add-exports=jdk.naming.dns/com.sun.jndi.dns=ALL-UNNAMED --add-opens=java.base/java.lang=ALL-UNNAMED --add-opens=java.base/java.lang.invoke=ALL-UNNAMED --add-opens=java.base/java.io=ALL-UNNAMED --add-opens=java.base/java.lang.reflect=ALL-UNNAMED --add-opens=java.base/java.security=ALL-UNNAMED --add-opens=java.base/java.util=ALL-UNNAMED --add-opens=java.base/java.util.concurrent=ALL-UNNAMED --add-opens=java.management/javax.management=ALL-UNNAMED --add-opens=java.naming/javax.naming=ALL-UNNAMED -Djava.security.manager=allow -Dorg.jboss.boot.log.file=D:\PROJECT\KIIRLAYE.V1.0\wildfly27\standalone\log\server.log -Dlogging.configuration=file:D:\PROJECT\KIIRLAYE.V1.0\wildfly27\standalone\configuration/logging.properties 
2023-04-13 12:15:47,059 INFO  [org.wildfly.security] (ServerService Thread Pool -- 28) ELY00001: WildFly Elytron version 2.0.0.Final
2023-04-13 12:15:51,920 WARN  [org.jboss.as.controller] (ServerService Thread Pool -- 15) WFLYCTL0481: The runtime dependency package 'io.smallrye.opentracing-contrib' is already registered at location '/subsystem=microprofile-opentracing-smallrye'
2023-04-13 12:15:51,920 WARN  [org.jboss.as.controller] (ServerService Thread Pool -- 15) WFLYCTL0481: The runtime dependency package 'io.smallrye.opentracing-contrib' is already registered at location '/subsystem=microprofile-opentracing-smallrye'
2023-04-13 12:15:53,619 INFO  [org.jboss.as.controller.management-deprecated] (ServerService Thread Pool -- 27) WFLYCTL0028: Attribute 'cluster' in the resource at address '/subsystem=ejb3/service=remote' is deprecated, and may be removed in a future version. See the attribute description in the output of the read-resource-description operation to learn more about the deprecation.
2023-04-13 12:15:53,721 INFO  [org.jboss.as.server.deployment.scanner] (DeploymentScanner-threads - 1) WFLYDS0004: Found DataSource.war in deployment directory. To trigger deployment create a file called DataSource.war.dodeploy
2023-04-13 12:15:53,985 INFO  [org.jboss.as.server] (Controller Boot Thread) WFLYSRV0039: Creating http management service using socket-binding (management-http)
2023-04-13 12:15:54,058 INFO  [org.xnio] (MSC service thread 1-2) XNIO version 3.8.8.Final
2023-04-13 12:15:54,070 INFO  [org.xnio.nio] (MSC service thread 1-2) XNIO NIO Implementation Version 3.8.8.Final
2023-04-13 12:15:54,267 WARN  [org.jboss.as.txn] (ServerService Thread Pool -- 76) WFLYTX0013: The node-identifier attribute on the /subsystem=transactions is set to the default value. This is a danger for environments running multiple servers. Please make sure the attribute value is unique.
2023-04-13 12:15:54,270 INFO  [org.wildfly.extension.elytron.oidc._private] (ServerService Thread Pool -- 54) WFLYOIDC0001: Activating WildFly Elytron OIDC Subsystem
2023-04-13 12:15:54,270 INFO  [org.jboss.as.jaxrs] (ServerService Thread Pool -- 58) WFLYRS0016: RESTEasy version 6.2.1.Final
2023-04-13 12:15:54,286 INFO  [org.wildfly.extension.health] (ServerService Thread Pool -- 55) WFLYHEALTH0001: Activating Base Health Subsystem
2023-04-13 12:15:54,289 INFO  [org.wildfly.extension.microprofile.jwt.smallrye] (ServerService Thread Pool -- 67) WFLYJWT0001: Activating MicroProfile JWT Subsystem
2023-04-13 12:15:54,294 INFO  [org.wildfly.extension.microprofile.config.smallrye] (ServerService Thread Pool -- 66) WFLYCONF0001: Activating MicroProfile Config Subsystem
2023-04-13 12:15:54,302 INFO  [org.jboss.as.clustering.infinispan] (ServerService Thread Pool -- 56) WFLYCLINF0001: Activating Infinispan subsystem.
2023-04-13 12:15:54,318 INFO  [org.jboss.as.jsf] (ServerService Thread Pool -- 63) WFLYJSF0007: Activated the following Jakarta Server Faces Implementations: [main]
2023-04-13 12:15:54,320 INFO  [org.wildfly.extension.microprofile.opentracing] (ServerService Thread Pool -- 68) WFLYTRACEXT0001: Activating MicroProfile OpenTracing Subsystem
2023-04-13 12:15:54,331 INFO  [org.wildfly.extension.metrics] (ServerService Thread Pool -- 65) WFLYMETRICS0001: Activating Base Metrics Subsystem
2023-04-13 12:15:54,357 INFO  [org.jboss.as.webservices] (ServerService Thread Pool -- 78) WFLYWS0002: Activating WebServices Extension
2023-04-13 12:15:54,382 INFO  [org.jboss.as.connector.subsystems.datasources] (ServerService Thread Pool -- 45) WFLYJCA0004: Deploying JDBC-compliant driver class org.h2.Driver (version 2.1)
2023-04-13 12:15:54,603 INFO  [org.jboss.as.naming] (ServerService Thread Pool -- 69) WFLYNAM0001: Activating Naming Subsystem
2023-04-13 12:15:54,610 INFO  [org.jboss.as.connector] (MSC service thread 1-1) WFLYJCA0009: Starting Jakarta Connectors Subsystem (WildFly/IronJacamar 1.5.9.Final)
2023-04-13 12:15:54,717 INFO  [org.wildfly.extension.undertow] (MSC service thread 1-8) WFLYUT0003: Undertow 2.3.0.Final starting
2023-04-13 12:15:54,930 WARN  [org.wildfly.extension.elytron] (MSC service thread 1-4) WFLYELY00023: KeyStore file 'D:\PROJECT\KIIRLAYE.V1.0\wildfly27\standalone\configuration\application.keystore' does not exist. Used blank.
2023-04-13 12:15:54,938 INFO  [org.wildfly.extension.undertow] (ServerService Thread Pool -- 77) WFLYUT0014: Creating file handler for path 'D:\PROJECT\KIIRLAYE.V1.0\wildfly27/welcome-content' with options [directory-listing: 'false', follow-symlink: 'false', case-sensitive: 'true', safe-symlink-paths: '[]']
2023-04-13 12:15:55,409 INFO  [org.wildfly.extension.io] (ServerService Thread Pool -- 57) WFLYIO001: Worker 'default' has auto-configured to 8 IO threads with 64 max task threads based on your 4 available processors
2023-04-13 12:15:55,463 INFO  [org.jboss.remoting] (MSC service thread 1-2) JBoss Remoting version 5.0.26.Final
2023-04-13 12:15:55,602 INFO  [org.jboss.as.ejb3] (MSC service thread 1-6) WFLYEJB0493: Jakarta Enterprise Beans subsystem suspension complete
2023-04-13 12:16:05,536 INFO  [org.jboss.as.ejb3] (MSC service thread 1-8) WFLYEJB0482: Strict pool mdb-strict-max-pool is using a max instance size of 16 (per class), which is derived from the number of CPUs on this host.
2023-04-13 12:16:05,536 INFO  [org.jboss.as.ejb3] (MSC service thread 1-5) WFLYEJB0481: Strict pool slsb-strict-max-pool is using a max instance size of 64 (per class), which is derived from thread worker pool sizing.
2023-04-13 12:16:05,545 INFO  [org.jboss.as.connector.deployers.jdbc] (MSC service thread 1-5) WFLYJCA0018: Started Driver service with driver-name = h2
2023-04-13 12:16:05,698 WARN  [org.wildfly.extension.elytron] (MSC service thread 1-8) WFLYELY01084: KeyStore D:\PROJECT\KIIRLAYE.V1.0\wildfly27\standalone\configuration\application.keystore not found, it will be auto generated on first use with a self-signed certificate for host localhost
2023-04-13 12:16:05,720 INFO  [org.jboss.as.naming] (MSC service thread 1-8) WFLYNAM0003: Starting Naming Service
2023-04-13 12:16:05,720 INFO  [org.jboss.as.mail.extension] (MSC service thread 1-1) WFLYMAIL0001: Bound mail session [java:jboss/mail/Default]
2023-04-13 12:16:05,878 INFO  [org.wildfly.extension.undertow] (MSC service thread 1-8) WFLYUT0012: Started server default-server.
2023-04-13 12:16:05,881 INFO  [org.wildfly.extension.undertow] (MSC service thread 1-8) Queuing requests.
2023-04-13 12:16:05,892 INFO  [org.wildfly.extension.undertow] (MSC service thread 1-8) WFLYUT0018: Host default-host starting
2023-04-13 12:16:05,914 INFO  [org.wildfly.extension.undertow] (MSC service thread 1-7) WFLYUT0006: Undertow HTTP listener default listening on 127.0.0.1:8080
2023-04-13 12:16:06,216 INFO  [org.jboss.as.connector.subsystems.datasources] (MSC service thread 1-2) WFLYJCA0001: Bound data source [java:jboss/datasources/ExampleDS]
2023-04-13 12:16:07,389 INFO  [org.wildfly.extension.undertow] (MSC service thread 1-2) WFLYUT0006: Undertow HTTPS listener https listening on 127.0.0.1:8443
2023-04-13 12:16:08,142 INFO  [org.jboss.as.server.deployment] (MSC service thread 1-7) WFLYSRV0027: Starting deployment of "mysql-connector-java-8.0.30.jar" (runtime-name: "mysql-connector-java-8.0.30.jar")
2023-04-13 12:16:08,142 INFO  [org.jboss.as.server.deployment] (MSC service thread 1-6) WFLYSRV0027: Starting deployment of "postgresql-42.6.0 .jar" (runtime-name: "postgresql-42.6.0 .jar")
2023-04-13 12:16:08,163 INFO  [org.jboss.as.patching] (MSC service thread 1-2) WFLYPAT0050: WildFly Full cumulative patch ID is: base, one-off patches include: none
2023-04-13 12:16:08,172 INFO  [org.jboss.as.server.deployment.scanner] (MSC service thread 1-8) WFLYDS0013: Started FileSystemDeploymentService for directory D:\PROJECT\KIIRLAYE.V1.0\wildfly27\standalone\deployments
2023-04-13 12:16:08,460 INFO  [org.jboss.ws.common.management] (MSC service thread 1-4) JBWS022052: Starting JBossWS 6.1.0.Final (Apache CXF 3.5.2.jbossorg-4) 
2023-04-13 12:16:11,405 INFO  [org.jboss.as.connector.deployers.jdbc] (MSC service thread 1-2) WFLYJCA0005: Deploying non-JDBC-compliant driver class org.postgresql.Driver (version 42.6)
2023-04-13 12:16:11,410 INFO  [org.jboss.as.connector.deployers.jdbc] (MSC service thread 1-1) WFLYJCA0005: Deploying non-JDBC-compliant driver class com.mysql.cj.jdbc.Driver (version 8.0)
2023-04-13 12:16:11,431 INFO  [org.jboss.as.connector.deployers.jdbc] (MSC service thread 1-6) WFLYJCA0018: Started Driver service with driver-name = postgresql-42.6.0 .jar
2023-04-13 12:16:11,432 INFO  [org.jboss.as.connector.deployers.jdbc] (MSC service thread 1-1) WFLYJCA0018: Started Driver service with driver-name = mysql-connector-java-8.0.30.jar
2023-04-13 12:16:11,436 INFO  [org.jboss.as.connector.subsystems.datasources] (MSC service thread 1-5) WFLYJCA0001: Bound data source [java:/RidwanDS]
2023-04-13 12:16:11,877 INFO  [org.jboss.as.server] (Controller Boot Thread) WFLYSRV0010: Deployed "postgresql-42.6.0 .jar" (runtime-name : "postgresql-42.6.0 .jar")
2023-04-13 12:16:11,880 INFO  [org.jboss.as.server] (Controller Boot Thread) WFLYSRV0010: Deployed "mysql-connector-java-8.0.30.jar" (runtime-name : "mysql-connector-java-8.0.30.jar")
2023-04-13 12:16:11,998 INFO  [org.jboss.as.server] (Controller Boot Thread) WFLYSRV0212: Resuming server
2023-04-13 12:16:12,006 INFO  [org.jboss.as] (Controller Boot Thread) WFLYSRV0025: WildFly Full 27.0.1.Final (WildFly Core 19.0.1.Final) started in 41325ms - Started 417 of 671 services (364 services are lazy, passive or on-demand) - Server configuration file in use: standalone.xml
2023-04-13 12:16:12,013 INFO  [org.jboss.as] (Controller Boot Thread) WFLYSRV0060: Http management interface listening on http://127.0.0.1:9990/management
2023-04-13 12:16:12,015 INFO  [org.jboss.as] (Controller Boot Thread) WFLYSRV0051: Admin console listening on http://127.0.0.1:9990
2023-04-13 13:17:42,203 INFO  [org.jboss.ws.common.management] (MSC service thread 1-7) JBWS022052: Starting JBossWS 6.1.0.Final (Apache CXF 3.5.2.jbossorg-4) 
2023-04-13 13:17:42,951 INFO  [org.jboss.as.connector.deployers.jdbc] (MSC service thread 1-8) WFLYJCA0005: Deploying non-JDBC-compliant driver class org.postgresql.Driver (version 42.6)
2023-04-13 13:17:42,960 INFO  [org.jboss.as.connector.deployers.jdbc] (MSC service thread 1-5) WFLYJCA0005: Deploying non-JDBC-compliant driver class com.mysql.cj.jdbc.Driver (version 8.0)
2023-04-13 13:17:42,970 INFO  [org.jboss.as.connector.deployers.jdbc] (MSC service thread 1-8) WFLYJCA0018: Started Driver service with driver-name = mysql-connector-java-8.0.30.jar
2023-04-13 13:17:42,969 INFO  [org.jboss.as.connector.deployers.jdbc] (MSC service thread 1-6) WFLYJCA0018: Started Driver service with driver-name = postgresql-42.6.0 .jar
2023-04-13 13:17:42,972 INFO  [org.jboss.as.connector.subsystems.datasources] (MSC service thread 1-6) WFLYJCA0001: Bound data source [java:/RidwanDS]
2023-04-13 13:17:43,042 INFO  [org.jboss.as.server] (Controller Boot Thread) WFLYSRV0010: Deployed "postgresql-42.6.0 .jar" (runtime-name : "postgresql-42.6.0 .jar")
2023-04-13 13:17:43,042 INFO  [org.jboss.as.server] (Controller Boot Thread) WFLYSRV0010: Deployed "mysql-connector-java-8.0.30.jar" (runtime-name : "mysql-connector-java-8.0.30.jar")
2023-04-13 13:17:43,089 INFO  [org.jboss.as.server] (Controller Boot Thread) WFLYSRV0212: Resuming server
2023-04-13 13:17:43,092 INFO  [org.jboss.as] (Controller Boot Thread) WFLYSRV0025: WildFly Full 27.0.1.Final (WildFly Core 19.0.1.Final) started in 6119ms - Started 417 of 671 services (364 services are lazy, passive or on-demand) - Server configuration file in use: standalone.xml
2023-04-13 13:17:43,095 INFO  [org.jboss.as] (Controller Boot Thread) WFLYSRV0060: Http management interface listening on http://127.0.0.1:9990/management
2023-04-13 13:17:43,096 INFO  [org.jboss.as] (Controller Boot Thread) WFLYSRV0051: Admin console listening on http://127.0.0.1:9990
2023-04-13 13:19:59,566 INFO  [org.jboss.modules] (main) JBoss Modules version 2.0.3.Final
2023-04-13 13:20:00,205 INFO  [org.jboss.msc] (main) JBoss MSC version 1.4.13.Final
2023-04-13 13:20:00,213 INFO  [org.jboss.threads] (main) JBoss Threads version 2.4.0.Final
2023-04-13 13:20:00,313 INFO  [org.jboss.as] (MSC service thread 1-3) WFLYSRV0049: WildFly Full 27.0.1.Final (WildFly Core 19.0.1.Final) starting
2023-04-13 13:20:00,314 DEBUG [org.jboss.as.config] (MSC service thread 1-3) Configured system properties:
	file.encoding = Cp1252
	file.separator = \
	java.awt.headless = true
	java.class.path = C:\Users\hp\Desktop\Jakarta-Postgres\KIIRLAYE.V1.0\wildfly27\jboss-modules.jar
	java.class.version = 61.0
	java.home = C:\Program Files\Java\jdk-17
	java.io.tmpdir = C:\Users\hp\AppData\Local\Temp\
	java.library.path = C:\Program Files\Java\jdk-17\bin;C:\WINDOWS\Sun\Java\bin;C:\WINDOWS\system32;C:\WINDOWS;C:\Program Files\Common Files\Oracle\Java\javapath;C:\WINDOWS\system32;C:\WINDOWS;C:\WINDOWS\System32\Wbem;C:\WINDOWS\System32\WindowsPowerShell\v1.0\;C:\WINDOWS\System32\OpenSSH\;C:\Program Files\Microsoft VS Code\bin;C:\Program Files\Docker\Docker\resources\bin;C:\Program Files\apache-maven-3.9.0-bin\apache-maven-3.9.0\bin\bin;C:\Program Files\Git\cmd;C:\Program Files\apache-maven-3.9.1\bin;C:\Users\hp\AppData\Roaming\nvm;C:\Program Files\nodejs;C:\Program Files\nodejs\;C:\Program Files\Java\jdk-17\bin;C:\Users\hp\AppData\Local\Microsoft\WindowsApps;C:\Program Files\JetBrains\IntelliJ IDEA 2022.3.1\bin;C:\Program Files\apache-maven-3.9.0-bin\apache-maven-3.9.0\bin;C:\pgsql\bin;INSTALL_PATH;C:\Users\hp\AppData\Roaming\npm;.
	java.net.preferIPv4Stack = true
	java.runtime.name = Java(TM) SE Runtime Environment
	java.runtime.version = 17.0.6+9-LTS-190
	java.security.manager = allow
	java.specification.name = Java Platform API Specification
	java.specification.vendor = Oracle Corporation
	java.specification.version = 17
	java.util.logging.manager = org.jboss.logmanager.LogManager
	java.vendor = Oracle Corporation
	java.vendor.url = https://java.oracle.com/
	java.vendor.url.bug = https://bugreport.java.com/bugreport/
	java.version = 17.0.6
	java.version.date = 2023-01-17
	java.vm.compressedOopsMode = 32-bit
	java.vm.info = mixed mode, sharing
	java.vm.name = Java HotSpot(TM) 64-Bit Server VM
	java.vm.specification.name = Java Virtual Machine Specification
	java.vm.specification.vendor = Oracle Corporation
	java.vm.specification.version = 17
	java.vm.vendor = Oracle Corporation
	java.vm.version = 17.0.6+9-LTS-190
	javax.management.builder.initial = org.jboss.as.jmx.PluggableMBeanServerBuilder
	jboss.home.dir = C:\Users\hp\Desktop\Jakarta-Postgres\KIIRLAYE.V1.0\wildfly27
	jboss.host.name = desktop-0h85ffo
	jboss.modules.dir = C:\Users\hp\Desktop\Jakarta-Postgres\KIIRLAYE.V1.0\wildfly27\modules
	jboss.modules.system.pkgs = org.jboss.byteman
	jboss.node.name = desktop-0h85ffo
	jboss.qualified.host.name = desktop-0h85ffo
	jboss.server.base.dir = C:\Users\hp\Desktop\Jakarta-Postgres\KIIRLAYE.V1.0\wildfly27\standalone
	jboss.server.config.dir = C:\Users\hp\Desktop\Jakarta-Postgres\KIIRLAYE.V1.0\wildfly27\standalone\configuration
	jboss.server.data.dir = C:\Users\hp\Desktop\Jakarta-Postgres\KIIRLAYE.V1.0\wildfly27\standalone\data
	jboss.server.deploy.dir = C:\Users\hp\Desktop\Jakarta-Postgres\KIIRLAYE.V1.0\wildfly27\standalone\data\content
	jboss.server.log.dir = C:\Users\hp\Desktop\Jakarta-Postgres\KIIRLAYE.V1.0\wildfly27\standalone\log
	jboss.server.name = desktop-0h85ffo
	jboss.server.persist.config = true
	jboss.server.temp.dir = C:\Users\hp\Desktop\Jakarta-Postgres\KIIRLAYE.V1.0\wildfly27\standalone\tmp
	jdk.debug = release
	line.separator = 

	logging.configuration = file:C:\Users\hp\Desktop\Jakarta-Postgres\KIIRLAYE.V1.0\wildfly27\standalone\configuration/logging.properties
	module.path = C:\Users\hp\Desktop\Jakarta-Postgres\KIIRLAYE.V1.0\wildfly27\modules
	native.encoding = Cp1252
	org.jboss.boot.log.file = C:\Users\hp\Desktop\Jakarta-Postgres\KIIRLAYE.V1.0\wildfly27\standalone\log\server.log
	org.jboss.resolver.warning = true
	os.arch = amd64
	os.name = Windows 11
	os.version = 10.0
	path.separator = ;
	program.name = standalone.bat
	sun.arch.data.model = 64
	sun.boot.library.path = C:\Program Files\Java\jdk-17\bin
	sun.cpu.endian = little
	sun.cpu.isalist = amd64
	sun.io.unicode.encoding = UnicodeLittle
	sun.java.command = C:\Users\hp\Desktop\Jakarta-Postgres\KIIRLAYE.V1.0\wildfly27\jboss-modules.jar -mp C:\Users\hp\Desktop\Jakarta-Postgres\KIIRLAYE.V1.0\wildfly27\modules org.jboss.as.standalone -Djboss.home.dir=C:\Users\hp\Desktop\Jakarta-Postgres\KIIRLAYE.V1.0\wildfly27
	sun.java.launcher = SUN_STANDARD
	sun.jnu.encoding = Cp1252
	sun.management.compiler = HotSpot 64-Bit Tiered Compilers
	sun.os.patch.level = 
	sun.stderr.encoding = cp850
	sun.stdout.encoding = cp850
	user.country = SN
	user.dir = C:\Users\hp\Desktop\Jakarta-Postgres\KIIRLAYE.V1.0\wildfly27\bin
	user.home = C:\Users\hp
	user.language = fr
	user.name = hp
	user.script = 
	user.timezone = Africa/Dakar
	user.variant = 
2023-04-13 13:20:00,317 DEBUG [org.jboss.as.config] (MSC service thread 1-3) VM Arguments: -Dprogram.name=standalone.bat -Xms64M -Xmx512M -XX:MetaspaceSize=96M -XX:MaxMetaspaceSize=256m -Djava.net.preferIPv4Stack=true -Djboss.modules.system.pkgs=org.jboss.byteman -Djava.awt.headless=true --add-exports=java.desktop/sun.awt=ALL-UNNAMED --add-exports=java.naming/com.sun.jndi.ldap=ALL-UNNAMED --add-exports=java.naming/com.sun.jndi.url.ldap=ALL-UNNAMED --add-exports=java.naming/com.sun.jndi.url.ldaps=ALL-UNNAMED --add-exports=jdk.naming.dns/com.sun.jndi.dns=ALL-UNNAMED --add-opens=java.base/java.lang=ALL-UNNAMED --add-opens=java.base/java.lang.invoke=ALL-UNNAMED --add-opens=java.base/java.io=ALL-UNNAMED --add-opens=java.base/java.lang.reflect=ALL-UNNAMED --add-opens=java.base/java.security=ALL-UNNAMED --add-opens=java.base/java.util=ALL-UNNAMED --add-opens=java.base/java.util.concurrent=ALL-UNNAMED --add-opens=java.management/javax.management=ALL-UNNAMED --add-opens=java.naming/javax.naming=ALL-UNNAMED -Djava.security.manager=allow -Dorg.jboss.boot.log.file=C:\Users\hp\Desktop\Jakarta-Postgres\KIIRLAYE.V1.0\wildfly27\standalone\log\server.log -Dlogging.configuration=file:C:\Users\hp\Desktop\Jakarta-Postgres\KIIRLAYE.V1.0\wildfly27\standalone\configuration/logging.properties 
2023-04-13 13:20:01,065 INFO  [org.wildfly.security] (ServerService Thread Pool -- 28) ELY00001: WildFly Elytron version 2.0.0.Final
2023-04-13 13:20:01,379 WARN  [org.jboss.as.controller] (ServerService Thread Pool -- 8) WFLYCTL0481: The runtime dependency package 'io.smallrye.opentracing-contrib' is already registered at location '/subsystem=microprofile-opentracing-smallrye'
2023-04-13 13:20:01,380 WARN  [org.jboss.as.controller] (ServerService Thread Pool -- 8) WFLYCTL0481: The runtime dependency package 'io.smallrye.opentracing-contrib' is already registered at location '/subsystem=microprofile-opentracing-smallrye'
2023-04-13 13:20:01,761 INFO  [org.jboss.as.controller.management-deprecated] (ServerService Thread Pool -- 12) WFLYCTL0028: Attribute 'cluster' in the resource at address '/subsystem=ejb3/service=remote' is deprecated, and may be removed in a future version. See the attribute description in the output of the read-resource-description operation to learn more about the deprecation.
2023-04-13 13:20:01,790 INFO  [org.jboss.as.server.deployment.scanner] (DeploymentScanner-threads - 1) WFLYDS0004: Found DataSource.war in deployment directory. To trigger deployment create a file called DataSource.war.dodeploy
2023-04-13 13:20:01,873 INFO  [org.jboss.as.server] (Controller Boot Thread) WFLYSRV0039: Creating http management service using socket-binding (management-http)
2023-04-13 13:20:01,893 INFO  [org.xnio] (MSC service thread 1-7) XNIO version 3.8.8.Final
2023-04-13 13:20:01,902 INFO  [org.xnio.nio] (MSC service thread 1-7) XNIO NIO Implementation Version 3.8.8.Final
2023-04-13 13:20:01,951 INFO  [org.jboss.as.jaxrs] (ServerService Thread Pool -- 58) WFLYRS0016: RESTEasy version 6.2.1.Final
2023-04-13 13:20:01,969 INFO  [org.wildfly.extension.microprofile.jwt.smallrye] (ServerService Thread Pool -- 67) WFLYJWT0001: Activating MicroProfile JWT Subsystem
2023-04-13 13:20:01,968 WARN  [org.jboss.as.txn] (ServerService Thread Pool -- 76) WFLYTX0013: The node-identifier attribute on the /subsystem=transactions is set to the default value. This is a danger for environments running multiple servers. Please make sure the attribute value is unique.
2023-04-13 13:20:01,977 INFO  [org.wildfly.extension.microprofile.config.smallrye] (ServerService Thread Pool -- 66) WFLYCONF0001: Activating MicroProfile Config Subsystem
2023-04-13 13:20:01,979 INFO  [org.wildfly.extension.elytron.oidc._private] (ServerService Thread Pool -- 54) WFLYOIDC0001: Activating WildFly Elytron OIDC Subsystem
2023-04-13 13:20:01,985 INFO  [org.jboss.as.clustering.infinispan] (ServerService Thread Pool -- 56) WFLYCLINF0001: Activating Infinispan subsystem.
2023-04-13 13:20:01,988 INFO  [org.wildfly.extension.health] (ServerService Thread Pool -- 55) WFLYHEALTH0001: Activating Base Health Subsystem
2023-04-13 13:20:02,006 INFO  [org.wildfly.extension.microprofile.opentracing] (ServerService Thread Pool -- 68) WFLYTRACEXT0001: Activating MicroProfile OpenTracing Subsystem
2023-04-13 13:20:02,014 INFO  [org.wildfly.extension.metrics] (ServerService Thread Pool -- 65) WFLYMETRICS0001: Activating Base Metrics Subsystem
2023-04-13 13:20:02,014 INFO  [org.jboss.as.jsf] (ServerService Thread Pool -- 63) WFLYJSF0007: Activated the following Jakarta Server Faces Implementations: [main]
2023-04-13 13:20:02,047 INFO  [org.jboss.as.naming] (ServerService Thread Pool -- 69) WFLYNAM0001: Activating Naming Subsystem
2023-04-13 13:20:02,089 INFO  [org.jboss.as.webservices] (ServerService Thread Pool -- 78) WFLYWS0002: Activating WebServices Extension
2023-04-13 13:20:02,188 INFO  [org.wildfly.extension.undertow] (MSC service thread 1-8) WFLYUT0003: Undertow 2.3.0.Final starting
2023-04-13 13:20:02,204 INFO  [org.jboss.as.connector.subsystems.datasources] (ServerService Thread Pool -- 45) WFLYJCA0004: Deploying JDBC-compliant driver class org.h2.Driver (version 2.1)
2023-04-13 13:20:02,204 INFO  [org.jboss.as.connector] (MSC service thread 1-6) WFLYJCA0009: Starting Jakarta Connectors Subsystem (WildFly/IronJacamar 1.5.9.Final)
2023-04-13 13:20:02,304 INFO  [org.jboss.as.naming] (MSC service thread 1-1) WFLYNAM0003: Starting Naming Service
2023-04-13 13:20:02,310 INFO  [org.jboss.as.mail.extension] (MSC service thread 1-1) WFLYMAIL0001: Bound mail session [java:jboss/mail/Default]
2023-04-13 13:20:02,311 INFO  [org.jboss.as.connector.deployers.jdbc] (MSC service thread 1-1) WFLYJCA0018: Started Driver service with driver-name = h2
2023-04-13 13:20:02,348 WARN  [org.wildfly.extension.elytron] (MSC service thread 1-8) WFLYELY00023: KeyStore file 'C:\Users\hp\Desktop\Jakarta-Postgres\KIIRLAYE.V1.0\wildfly27\standalone\configuration\application.keystore' does not exist. Used blank.
2023-04-13 13:20:02,383 INFO  [org.wildfly.extension.undertow] (ServerService Thread Pool -- 77) WFLYUT0014: Creating file handler for path 'C:\Users\hp\Desktop\Jakarta-Postgres\KIIRLAYE.V1.0\wildfly27/welcome-content' with options [directory-listing: 'false', follow-symlink: 'false', case-sensitive: 'true', safe-symlink-paths: '[]']
2023-04-13 13:20:02,402 INFO  [org.wildfly.extension.io] (ServerService Thread Pool -- 57) WFLYIO001: Worker 'default' has auto-configured to 16 IO threads with 128 max task threads based on your 8 available processors
2023-04-13 13:20:02,413 WARN  [org.wildfly.extension.elytron] (MSC service thread 1-1) WFLYELY01084: KeyStore C:\Users\hp\Desktop\Jakarta-Postgres\KIIRLAYE.V1.0\wildfly27\standalone\configuration\application.keystore not found, it will be auto generated on first use with a self-signed certificate for host localhost
2023-04-13 13:20:02,506 INFO  [org.jboss.remoting] (MSC service thread 1-7) JBoss Remoting version 5.0.26.Final
2023-04-13 13:20:02,527 INFO  [org.jboss.as.ejb3] (MSC service thread 1-5) WFLYEJB0481: Strict pool slsb-strict-max-pool is using a max instance size of 128 (per class), which is derived from thread worker pool sizing.
2023-04-13 13:20:02,527 INFO  [org.jboss.as.ejb3] (MSC service thread 1-2) WFLYEJB0482: Strict pool mdb-strict-max-pool is using a max instance size of 32 (per class), which is derived from the number of CPUs on this host.
2023-04-13 13:20:02,530 INFO  [org.wildfly.extension.undertow] (MSC service thread 1-3) WFLYUT0012: Started server default-server.
2023-04-13 13:20:02,532 INFO  [org.wildfly.extension.undertow] (MSC service thread 1-2) Queuing requests.
2023-04-13 13:20:02,539 INFO  [org.wildfly.extension.undertow] (MSC service thread 1-2) WFLYUT0018: Host default-host starting
2023-04-13 13:20:02,646 INFO  [org.wildfly.extension.undertow] (MSC service thread 1-3) WFLYUT0006: Undertow HTTP listener default listening on 127.0.0.1:8080
2023-04-13 13:20:02,742 INFO  [org.wildfly.extension.undertow] (MSC service thread 1-3) WFLYUT0006: Undertow HTTPS listener https listening on 127.0.0.1:8443
2023-04-13 13:20:02,838 INFO  [org.jboss.as.ejb3] (MSC service thread 1-3) WFLYEJB0493: Jakarta Enterprise Beans subsystem suspension complete
2023-04-13 13:20:02,850 INFO  [org.jboss.as.server.deployment] (MSC service thread 1-8) WFLYSRV0027: Starting deployment of "postgresql-42.6.0 .jar" (runtime-name: "postgresql-42.6.0 .jar")
2023-04-13 13:20:02,850 INFO  [org.jboss.as.server.deployment] (MSC service thread 1-2) WFLYSRV0027: Starting deployment of "mysql-connector-java-8.0.30.jar" (runtime-name: "mysql-connector-java-8.0.30.jar")
2023-04-13 13:20:02,882 INFO  [org.jboss.as.patching] (MSC service thread 1-4) WFLYPAT0050: WildFly Full cumulative patch ID is: base, one-off patches include: none
2023-04-13 13:20:02,893 INFO  [org.jboss.as.server.deployment.scanner] (MSC service thread 1-8) WFLYDS0013: Started FileSystemDeploymentService for directory C:\Users\hp\Desktop\Jakarta-Postgres\KIIRLAYE.V1.0\wildfly27\standalone\deployments
2023-04-13 13:20:02,989 INFO  [org.jboss.as.connector.subsystems.datasources] (MSC service thread 1-1) WFLYJCA0001: Bound data source [java:jboss/datasources/ExampleDS]
2023-04-13 13:20:03,037 INFO  [org.jboss.ws.common.management] (MSC service thread 1-5) JBWS022052: Starting JBossWS 6.1.0.Final (Apache CXF 3.5.2.jbossorg-4) 
2023-04-13 13:20:03,703 INFO  [org.jboss.as.connector.deployers.jdbc] (MSC service thread 1-3) WFLYJCA0005: Deploying non-JDBC-compliant driver class org.postgresql.Driver (version 42.6)
2023-04-13 13:20:03,707 INFO  [org.jboss.as.connector.deployers.jdbc] (MSC service thread 1-7) WFLYJCA0005: Deploying non-JDBC-compliant driver class com.mysql.cj.jdbc.Driver (version 8.0)
2023-04-13 13:20:03,719 INFO  [org.jboss.as.connector.deployers.jdbc] (MSC service thread 1-5) WFLYJCA0018: Started Driver service with driver-name = postgresql-42.6.0 .jar
2023-04-13 13:20:03,720 INFO  [org.jboss.as.connector.deployers.jdbc] (MSC service thread 1-3) WFLYJCA0018: Started Driver service with driver-name = mysql-connector-java-8.0.30.jar
2023-04-13 13:20:03,722 INFO  [org.jboss.as.connector.subsystems.datasources] (MSC service thread 1-3) WFLYJCA0001: Bound data source [java:/RidwanDS]
2023-04-13 13:20:03,792 INFO  [org.jboss.as.server] (Controller Boot Thread) WFLYSRV0010: Deployed "postgresql-42.6.0 .jar" (runtime-name : "postgresql-42.6.0 .jar")
2023-04-13 13:20:03,793 INFO  [org.jboss.as.server] (Controller Boot Thread) WFLYSRV0010: Deployed "mysql-connector-java-8.0.30.jar" (runtime-name : "mysql-connector-java-8.0.30.jar")
2023-04-13 13:20:03,844 INFO  [org.jboss.as.server] (Controller Boot Thread) WFLYSRV0212: Resuming server
2023-04-13 13:20:03,847 INFO  [org.jboss.as] (Controller Boot Thread) WFLYSRV0025: WildFly Full 27.0.1.Final (WildFly Core 19.0.1.Final) started in 4757ms - Started 417 of 671 services (364 services are lazy, passive or on-demand) - Server configuration file in use: standalone.xml
2023-04-13 13:20:03,854 INFO  [org.jboss.as] (Controller Boot Thread) WFLYSRV0060: Http management interface listening on http://127.0.0.1:9990/management
2023-04-13 13:20:03,854 INFO  [org.jboss.as] (Controller Boot Thread) WFLYSRV0051: Admin console listening on http://127.0.0.1:9990
2023-04-13 13:32:56,157 INFO  [org.jboss.modules] (main) JBoss Modules version 2.0.3.Final
2023-04-13 13:32:56,970 INFO  [org.jboss.msc] (main) JBoss MSC version 1.4.13.Final
2023-04-13 13:32:56,978 INFO  [org.jboss.threads] (main) JBoss Threads version 2.4.0.Final
2023-04-13 13:32:57,143 INFO  [org.jboss.as] (MSC service thread 1-2) WFLYSRV0049: WildFly Full 27.0.1.Final (WildFly Core 19.0.1.Final) starting
2023-04-13 13:32:57,144 DEBUG [org.jboss.as.config] (MSC service thread 1-2) Configured system properties:
	file.encoding = Cp1252
	file.separator = \
	java.awt.headless = true
	java.class.path = C:\Users\hp\Desktop\Jakarta-Postgres\KIIRLAYE.V1.0\wildfly27\jboss-modules.jar
	java.class.version = 61.0
	java.home = C:\Program Files\Java\jdk-17
	java.io.tmpdir = C:\Users\hp\AppData\Local\Temp\
	java.library.path = C:\Program Files\Java\jdk-17\bin;C:\WINDOWS\Sun\Java\bin;C:\WINDOWS\system32;C:\WINDOWS;C:\Program Files\Common Files\Oracle\Java\javapath;C:\WINDOWS\system32;C:\WINDOWS;C:\WINDOWS\System32\Wbem;C:\WINDOWS\System32\WindowsPowerShell\v1.0\;C:\WINDOWS\System32\OpenSSH\;C:\Program Files\Microsoft VS Code\bin;C:\Program Files\Docker\Docker\resources\bin;C:\Program Files\apache-maven-3.9.0-bin\apache-maven-3.9.0\bin\bin;C:\Program Files\Git\cmd;C:\Program Files\apache-maven-3.9.1\bin;C:\Users\hp\AppData\Roaming\nvm;C:\Program Files\nodejs;C:\Program Files\nodejs\;C:\Program Files\Java\jdk-17\bin;C:\Users\hp\AppData\Local\Microsoft\WindowsApps;C:\Program Files\JetBrains\IntelliJ IDEA 2022.3.1\bin;C:\Program Files\apache-maven-3.9.0-bin\apache-maven-3.9.0\bin;C:\pgsql\bin;INSTALL_PATH;C:\Users\hp\AppData\Roaming\npm;.
	java.net.preferIPv4Stack = true
	java.runtime.name = Java(TM) SE Runtime Environment
	java.runtime.version = 17.0.6+9-LTS-190
	java.security.manager = allow
	java.specification.name = Java Platform API Specification
	java.specification.vendor = Oracle Corporation
	java.specification.version = 17
	java.util.logging.manager = org.jboss.logmanager.LogManager
	java.vendor = Oracle Corporation
	java.vendor.url = https://java.oracle.com/
	java.vendor.url.bug = https://bugreport.java.com/bugreport/
	java.version = 17.0.6
	java.version.date = 2023-01-17
	java.vm.compressedOopsMode = 32-bit
	java.vm.info = mixed mode, sharing
	java.vm.name = Java HotSpot(TM) 64-Bit Server VM
	java.vm.specification.name = Java Virtual Machine Specification
	java.vm.specification.vendor = Oracle Corporation
	java.vm.specification.version = 17
	java.vm.vendor = Oracle Corporation
	java.vm.version = 17.0.6+9-LTS-190
	javax.management.builder.initial = org.jboss.as.jmx.PluggableMBeanServerBuilder
	jboss.home.dir = C:\Users\hp\Desktop\Jakarta-Postgres\KIIRLAYE.V1.0\wildfly27
	jboss.host.name = desktop-0h85ffo
	jboss.modules.dir = C:\Users\hp\Desktop\Jakarta-Postgres\KIIRLAYE.V1.0\wildfly27\modules
	jboss.modules.system.pkgs = org.jboss.byteman
	jboss.node.name = desktop-0h85ffo
	jboss.qualified.host.name = desktop-0h85ffo
	jboss.server.base.dir = C:\Users\hp\Desktop\Jakarta-Postgres\KIIRLAYE.V1.0\wildfly27\standalone
	jboss.server.config.dir = C:\Users\hp\Desktop\Jakarta-Postgres\KIIRLAYE.V1.0\wildfly27\standalone\configuration
	jboss.server.data.dir = C:\Users\hp\Desktop\Jakarta-Postgres\KIIRLAYE.V1.0\wildfly27\standalone\data
	jboss.server.deploy.dir = C:\Users\hp\Desktop\Jakarta-Postgres\KIIRLAYE.V1.0\wildfly27\standalone\data\content
	jboss.server.log.dir = C:\Users\hp\Desktop\Jakarta-Postgres\KIIRLAYE.V1.0\wildfly27\standalone\log
	jboss.server.name = desktop-0h85ffo
	jboss.server.persist.config = true
	jboss.server.temp.dir = C:\Users\hp\Desktop\Jakarta-Postgres\KIIRLAYE.V1.0\wildfly27\standalone\tmp
	jdk.debug = release
	line.separator = 

	logging.configuration = file:C:\Users\hp\Desktop\Jakarta-Postgres\KIIRLAYE.V1.0\wildfly27\standalone\configuration/logging.properties
	module.path = C:\Users\hp\Desktop\Jakarta-Postgres\KIIRLAYE.V1.0\wildfly27\modules
	native.encoding = Cp1252
	org.jboss.boot.log.file = C:\Users\hp\Desktop\Jakarta-Postgres\KIIRLAYE.V1.0\wildfly27\standalone\log\server.log
	org.jboss.resolver.warning = true
	os.arch = amd64
	os.name = Windows 11
	os.version = 10.0
	path.separator = ;
	program.name = standalone.bat
	sun.arch.data.model = 64
	sun.boot.library.path = C:\Program Files\Java\jdk-17\bin
	sun.cpu.endian = little
	sun.cpu.isalist = amd64
	sun.io.unicode.encoding = UnicodeLittle
	sun.java.command = C:\Users\hp\Desktop\Jakarta-Postgres\KIIRLAYE.V1.0\wildfly27\jboss-modules.jar -mp C:\Users\hp\Desktop\Jakarta-Postgres\KIIRLAYE.V1.0\wildfly27\modules org.jboss.as.standalone -Djboss.home.dir=C:\Users\hp\Desktop\Jakarta-Postgres\KIIRLAYE.V1.0\wildfly27
	sun.java.launcher = SUN_STANDARD
	sun.jnu.encoding = Cp1252
	sun.management.compiler = HotSpot 64-Bit Tiered Compilers
	sun.os.patch.level = 
	sun.stderr.encoding = cp850
	sun.stdout.encoding = cp850
	user.country = SN
	user.dir = C:\Users\hp\Desktop\Jakarta-Postgres\KIIRLAYE.V1.0\wildfly27\bin
	user.home = C:\Users\hp
	user.language = fr
	user.name = hp
	user.script = 
	user.timezone = Africa/Dakar
	user.variant = 
2023-04-13 13:32:57,148 DEBUG [org.jboss.as.config] (MSC service thread 1-2) VM Arguments: -Dprogram.name=standalone.bat -Xms64M -Xmx512M -XX:MetaspaceSize=96M -XX:MaxMetaspaceSize=256m -Djava.net.preferIPv4Stack=true -Djboss.modules.system.pkgs=org.jboss.byteman -Djava.awt.headless=true --add-exports=java.desktop/sun.awt=ALL-UNNAMED --add-exports=java.naming/com.sun.jndi.ldap=ALL-UNNAMED --add-exports=java.naming/com.sun.jndi.url.ldap=ALL-UNNAMED --add-exports=java.naming/com.sun.jndi.url.ldaps=ALL-UNNAMED --add-exports=jdk.naming.dns/com.sun.jndi.dns=ALL-UNNAMED --add-opens=java.base/java.lang=ALL-UNNAMED --add-opens=java.base/java.lang.invoke=ALL-UNNAMED --add-opens=java.base/java.io=ALL-UNNAMED --add-opens=java.base/java.lang.reflect=ALL-UNNAMED --add-opens=java.base/java.security=ALL-UNNAMED --add-opens=java.base/java.util=ALL-UNNAMED --add-opens=java.base/java.util.concurrent=ALL-UNNAMED --add-opens=java.management/javax.management=ALL-UNNAMED --add-opens=java.naming/javax.naming=ALL-UNNAMED -Djava.security.manager=allow -Dorg.jboss.boot.log.file=C:\Users\hp\Desktop\Jakarta-Postgres\KIIRLAYE.V1.0\wildfly27\standalone\log\server.log -Dlogging.configuration=file:C:\Users\hp\Desktop\Jakarta-Postgres\KIIRLAYE.V1.0\wildfly27\standalone\configuration/logging.properties 
2023-04-13 13:32:58,020 INFO  [org.wildfly.security] (ServerService Thread Pool -- 28) ELY00001: WildFly Elytron version 2.0.0.Final
2023-04-13 13:32:58,449 WARN  [org.jboss.as.controller] (ServerService Thread Pool -- 4) WFLYCTL0481: The runtime dependency package 'io.smallrye.opentracing-contrib' is already registered at location '/subsystem=microprofile-opentracing-smallrye'
2023-04-13 13:32:58,450 WARN  [org.jboss.as.controller] (ServerService Thread Pool -- 4) WFLYCTL0481: The runtime dependency package 'io.smallrye.opentracing-contrib' is already registered at location '/subsystem=microprofile-opentracing-smallrye'
2023-04-13 13:32:58,849 INFO  [org.jboss.as.controller.management-deprecated] (ServerService Thread Pool -- 2) WFLYCTL0028: Attribute 'cluster' in the resource at address '/subsystem=ejb3/service=remote' is deprecated, and may be removed in a future version. See the attribute description in the output of the read-resource-description operation to learn more about the deprecation.
2023-04-13 13:32:58,874 INFO  [org.jboss.as.server.deployment.scanner] (DeploymentScanner-threads - 1) WFLYDS0004: Found DataSource.war in deployment directory. To trigger deployment create a file called DataSource.war.dodeploy
2023-04-13 13:32:58,952 INFO  [org.jboss.as.server] (Controller Boot Thread) WFLYSRV0039: Creating http management service using socket-binding (management-http)
2023-04-13 13:32:58,973 INFO  [org.xnio] (MSC service thread 1-1) XNIO version 3.8.8.Final
2023-04-13 13:32:58,982 INFO  [org.xnio.nio] (MSC service thread 1-1) XNIO NIO Implementation Version 3.8.8.Final
2023-04-13 13:32:59,014 INFO  [org.jboss.as.jaxrs] (ServerService Thread Pool -- 58) WFLYRS0016: RESTEasy version 6.2.1.Final
2023-04-13 13:32:59,047 INFO  [org.wildfly.extension.microprofile.jwt.smallrye] (ServerService Thread Pool -- 67) WFLYJWT0001: Activating MicroProfile JWT Subsystem
2023-04-13 13:32:59,047 INFO  [org.jboss.as.clustering.infinispan] (ServerService Thread Pool -- 56) WFLYCLINF0001: Activating Infinispan subsystem.
2023-04-13 13:32:59,047 INFO  [org.wildfly.extension.elytron.oidc._private] (ServerService Thread Pool -- 54) WFLYOIDC0001: Activating WildFly Elytron OIDC Subsystem
2023-04-13 13:32:59,047 INFO  [org.wildfly.extension.microprofile.config.smallrye] (ServerService Thread Pool -- 66) WFLYCONF0001: Activating MicroProfile Config Subsystem
2023-04-13 13:32:59,055 WARN  [org.jboss.as.txn] (ServerService Thread Pool -- 76) WFLYTX0013: The node-identifier attribute on the /subsystem=transactions is set to the default value. This is a danger for environments running multiple servers. Please make sure the attribute value is unique.
2023-04-13 13:32:59,071 INFO  [org.wildfly.extension.health] (ServerService Thread Pool -- 55) WFLYHEALTH0001: Activating Base Health Subsystem
2023-04-13 13:32:59,083 INFO  [org.jboss.as.jsf] (ServerService Thread Pool -- 63) WFLYJSF0007: Activated the following Jakarta Server Faces Implementations: [main]
2023-04-13 13:32:59,098 INFO  [org.wildfly.extension.microprofile.opentracing] (ServerService Thread Pool -- 68) WFLYTRACEXT0001: Activating MicroProfile OpenTracing Subsystem
2023-04-13 13:32:59,110 INFO  [org.wildfly.extension.metrics] (ServerService Thread Pool -- 65) WFLYMETRICS0001: Activating Base Metrics Subsystem
2023-04-13 13:32:59,150 INFO  [org.jboss.as.naming] (ServerService Thread Pool -- 69) WFLYNAM0001: Activating Naming Subsystem
2023-04-13 13:32:59,223 INFO  [org.jboss.as.webservices] (ServerService Thread Pool -- 78) WFLYWS0002: Activating WebServices Extension
2023-04-13 13:32:59,234 INFO  [org.wildfly.extension.undertow] (MSC service thread 1-4) WFLYUT0003: Undertow 2.3.0.Final starting
2023-04-13 13:32:59,352 INFO  [org.jboss.as.connector] (MSC service thread 1-3) WFLYJCA0009: Starting Jakarta Connectors Subsystem (WildFly/IronJacamar 1.5.9.Final)
2023-04-13 13:32:59,353 INFO  [org.jboss.as.connector.subsystems.datasources] (ServerService Thread Pool -- 45) WFLYJCA0004: Deploying JDBC-compliant driver class org.h2.Driver (version 2.1)
2023-04-13 13:32:59,446 INFO  [org.jboss.as.connector.deployers.jdbc] (MSC service thread 1-3) WFLYJCA0018: Started Driver service with driver-name = h2
2023-04-13 13:32:59,452 WARN  [org.wildfly.extension.elytron] (MSC service thread 1-6) WFLYELY00023: KeyStore file 'C:\Users\hp\Desktop\Jakarta-Postgres\KIIRLAYE.V1.0\wildfly27\standalone\configuration\application.keystore' does not exist. Used blank.
2023-04-13 13:32:59,456 INFO  [org.jboss.as.naming] (MSC service thread 1-4) WFLYNAM0003: Starting Naming Service
2023-04-13 13:32:59,473 INFO  [org.jboss.as.mail.extension] (MSC service thread 1-5) WFLYMAIL0001: Bound mail session [java:jboss/mail/Default]
2023-04-13 13:32:59,524 WARN  [org.wildfly.extension.elytron] (MSC service thread 1-6) WFLYELY01084: KeyStore C:\Users\hp\Desktop\Jakarta-Postgres\KIIRLAYE.V1.0\wildfly27\standalone\configuration\application.keystore not found, it will be auto generated on first use with a self-signed certificate for host localhost
2023-04-13 13:32:59,530 INFO  [org.wildfly.extension.undertow] (ServerService Thread Pool -- 77) WFLYUT0014: Creating file handler for path 'C:\Users\hp\Desktop\Jakarta-Postgres\KIIRLAYE.V1.0\wildfly27/welcome-content' with options [directory-listing: 'false', follow-symlink: 'false', case-sensitive: 'true', safe-symlink-paths: '[]']
2023-04-13 13:32:59,614 INFO  [org.wildfly.extension.io] (ServerService Thread Pool -- 57) WFLYIO001: Worker 'default' has auto-configured to 16 IO threads with 128 max task threads based on your 8 available processors
2023-04-13 13:32:59,657 INFO  [org.jboss.as.ejb3] (MSC service thread 1-5) WFLYEJB0482: Strict pool mdb-strict-max-pool is using a max instance size of 32 (per class), which is derived from the number of CPUs on this host.
2023-04-13 13:32:59,657 INFO  [org.jboss.as.ejb3] (MSC service thread 1-2) WFLYEJB0481: Strict pool slsb-strict-max-pool is using a max instance size of 128 (per class), which is derived from thread worker pool sizing.
2023-04-13 13:32:59,774 INFO  [org.wildfly.extension.undertow] (MSC service thread 1-4) WFLYUT0012: Started server default-server.
2023-04-13 13:32:59,776 INFO  [org.wildfly.extension.undertow] (MSC service thread 1-4) Queuing requests.
2023-04-13 13:32:59,776 INFO  [org.jboss.remoting] (MSC service thread 1-2) JBoss Remoting version 5.0.26.Final
2023-04-13 13:32:59,777 INFO  [org.wildfly.extension.undertow] (MSC service thread 1-4) WFLYUT0018: Host default-host starting
2023-04-13 13:32:59,913 INFO  [org.wildfly.extension.undertow] (MSC service thread 1-7) WFLYUT0006: Undertow HTTP listener default listening on 127.0.0.1:8080
2023-04-13 13:32:59,989 INFO  [org.wildfly.extension.undertow] (MSC service thread 1-7) WFLYUT0006: Undertow HTTPS listener https listening on 127.0.0.1:8443
2023-04-13 13:33:00,040 INFO  [org.jboss.as.ejb3] (MSC service thread 1-2) WFLYEJB0493: Jakarta Enterprise Beans subsystem suspension complete
2023-04-13 13:33:00,127 INFO  [org.jboss.as.connector.subsystems.datasources] (MSC service thread 1-8) WFLYJCA0001: Bound data source [java:jboss/datasources/ExampleDS]
2023-04-13 13:33:00,143 INFO  [org.jboss.as.server.deployment] (MSC service thread 1-4) WFLYSRV0027: Starting deployment of "mysql-connector-java-8.0.30.jar" (runtime-name: "mysql-connector-java-8.0.30.jar")
2023-04-13 13:33:00,143 INFO  [org.jboss.as.server.deployment] (MSC service thread 1-8) WFLYSRV0027: Starting deployment of "postgresql-42.6.0 .jar" (runtime-name: "postgresql-42.6.0 .jar")
2023-04-13 13:33:00,159 INFO  [org.jboss.as.patching] (MSC service thread 1-7) WFLYPAT0050: WildFly Full cumulative patch ID is: base, one-off patches include: none
2023-04-13 13:33:00,170 INFO  [org.jboss.as.server.deployment.scanner] (MSC service thread 1-1) WFLYDS0013: Started FileSystemDeploymentService for directory C:\Users\hp\Desktop\Jakarta-Postgres\KIIRLAYE.V1.0\wildfly27\standalone\deployments
2023-04-13 13:33:00,347 INFO  [org.jboss.ws.common.management] (MSC service thread 1-5) JBWS022052: Starting JBossWS 6.1.0.Final (Apache CXF 3.5.2.jbossorg-4) 
2023-04-13 13:33:01,262 INFO  [org.jboss.as.connector.deployers.jdbc] (MSC service thread 1-7) WFLYJCA0005: Deploying non-JDBC-compliant driver class org.postgresql.Driver (version 42.6)
2023-04-13 13:33:01,268 INFO  [org.jboss.as.connector.deployers.jdbc] (MSC service thread 1-3) WFLYJCA0005: Deploying non-JDBC-compliant driver class com.mysql.cj.jdbc.Driver (version 8.0)
2023-04-13 13:33:01,278 INFO  [org.jboss.as.connector.deployers.jdbc] (MSC service thread 1-1) WFLYJCA0018: Started Driver service with driver-name = mysql-connector-java-8.0.30.jar
2023-04-13 13:33:01,281 INFO  [org.jboss.as.connector.deployers.jdbc] (MSC service thread 1-6) WFLYJCA0018: Started Driver service with driver-name = postgresql-42.6.0 .jar
2023-04-13 13:33:01,288 INFO  [org.jboss.as.connector.subsystems.datasources] (MSC service thread 1-3) WFLYJCA0001: Bound data source [java:/RidwanDS]
2023-04-13 13:33:01,389 INFO  [org.jboss.as.server] (Controller Boot Thread) WFLYSRV0010: Deployed "postgresql-42.6.0 .jar" (runtime-name : "postgresql-42.6.0 .jar")
2023-04-13 13:33:01,390 INFO  [org.jboss.as.server] (Controller Boot Thread) WFLYSRV0010: Deployed "mysql-connector-java-8.0.30.jar" (runtime-name : "mysql-connector-java-8.0.30.jar")
2023-04-13 13:33:01,468 INFO  [org.jboss.as.server] (Controller Boot Thread) WFLYSRV0212: Resuming server
2023-04-13 13:33:01,471 INFO  [org.jboss.as] (Controller Boot Thread) WFLYSRV0025: WildFly Full 27.0.1.Final (WildFly Core 19.0.1.Final) started in 5973ms - Started 417 of 671 services (364 services are lazy, passive or on-demand) - Server configuration file in use: standalone.xml
2023-04-13 13:33:01,476 INFO  [org.jboss.as] (Controller Boot Thread) WFLYSRV0060: Http management interface listening on http://127.0.0.1:9990/management
2023-04-13 13:33:01,477 INFO  [org.jboss.as] (Controller Boot Thread) WFLYSRV0051: Admin console listening on http://127.0.0.1:9990
2023-04-13 14:13:49,380 INFO  [org.jboss.modules] (main) JBoss Modules version 2.0.3.Final
2023-04-13 14:13:50,577 INFO  [org.jboss.msc] (main) JBoss MSC version 1.4.13.Final
2023-04-13 14:13:50,592 INFO  [org.jboss.threads] (main) JBoss Threads version 2.4.0.Final
2023-04-13 14:13:50,778 INFO  [org.jboss.as] (MSC service thread 1-2) WFLYSRV0049: WildFly Full 27.0.1.Final (WildFly Core 19.0.1.Final) starting
2023-04-13 14:13:50,781 DEBUG [org.jboss.as.config] (MSC service thread 1-2) Configured system properties:
	file.encoding = Cp1252
	file.separator = \
	java.awt.headless = true
	java.class.path = C:\Users\hp\Desktop\Jakarta-Postgres\KIIRLAYE.V1.0\wildfly27\jboss-modules.jar
	java.class.version = 61.0
	java.home = C:\Program Files\Java\jdk-17
	java.io.tmpdir = C:\Users\hp\AppData\Local\Temp\
	java.library.path = C:\Program Files\Java\jdk-17\bin;C:\WINDOWS\Sun\Java\bin;C:\WINDOWS\system32;C:\WINDOWS;C:\Program Files\Common Files\Oracle\Java\javapath;C:\WINDOWS\system32;C:\WINDOWS;C:\WINDOWS\System32\Wbem;C:\WINDOWS\System32\WindowsPowerShell\v1.0\;C:\WINDOWS\System32\OpenSSH\;C:\Program Files\Microsoft VS Code\bin;C:\Program Files\Docker\Docker\resources\bin;C:\Program Files\apache-maven-3.9.0-bin\apache-maven-3.9.0\bin\bin;C:\Program Files\Git\cmd;C:\Program Files\apache-maven-3.9.1\bin;C:\Users\hp\AppData\Roaming\nvm;C:\Program Files\nodejs;C:\Program Files\nodejs\;C:\Program Files\Java\jdk-17\bin;C:\Users\hp\AppData\Local\Microsoft\WindowsApps;C:\Program Files\JetBrains\IntelliJ IDEA 2022.3.1\bin;C:\Program Files\apache-maven-3.9.0-bin\apache-maven-3.9.0\bin;C:\pgsql\bin;INSTALL_PATH;C:\Users\hp\AppData\Roaming\npm;.
	java.net.preferIPv4Stack = true
	java.runtime.name = Java(TM) SE Runtime Environment
	java.runtime.version = 17.0.6+9-LTS-190
	java.security.manager = allow
	java.specification.name = Java Platform API Specification
	java.specification.vendor = Oracle Corporation
	java.specification.version = 17
	java.util.logging.manager = org.jboss.logmanager.LogManager
	java.vendor = Oracle Corporation
	java.vendor.url = https://java.oracle.com/
	java.vendor.url.bug = https://bugreport.java.com/bugreport/
	java.version = 17.0.6
	java.version.date = 2023-01-17
	java.vm.compressedOopsMode = 32-bit
	java.vm.info = mixed mode, sharing
	java.vm.name = Java HotSpot(TM) 64-Bit Server VM
	java.vm.specification.name = Java Virtual Machine Specification
	java.vm.specification.vendor = Oracle Corporation
	java.vm.specification.version = 17
	java.vm.vendor = Oracle Corporation
	java.vm.version = 17.0.6+9-LTS-190
	javax.management.builder.initial = org.jboss.as.jmx.PluggableMBeanServerBuilder
	jboss.home.dir = C:\Users\hp\Desktop\Jakarta-Postgres\KIIRLAYE.V1.0\wildfly27
	jboss.host.name = desktop-0h85ffo
	jboss.modules.dir = C:\Users\hp\Desktop\Jakarta-Postgres\KIIRLAYE.V1.0\wildfly27\modules
	jboss.modules.system.pkgs = org.jboss.byteman
	jboss.node.name = desktop-0h85ffo
	jboss.qualified.host.name = desktop-0h85ffo
	jboss.server.base.dir = C:\Users\hp\Desktop\Jakarta-Postgres\KIIRLAYE.V1.0\wildfly27\standalone
	jboss.server.config.dir = C:\Users\hp\Desktop\Jakarta-Postgres\KIIRLAYE.V1.0\wildfly27\standalone\configuration
	jboss.server.data.dir = C:\Users\hp\Desktop\Jakarta-Postgres\KIIRLAYE.V1.0\wildfly27\standalone\data
	jboss.server.deploy.dir = C:\Users\hp\Desktop\Jakarta-Postgres\KIIRLAYE.V1.0\wildfly27\standalone\data\content
	jboss.server.log.dir = C:\Users\hp\Desktop\Jakarta-Postgres\KIIRLAYE.V1.0\wildfly27\standalone\log
	jboss.server.name = desktop-0h85ffo
	jboss.server.persist.config = true
	jboss.server.temp.dir = C:\Users\hp\Desktop\Jakarta-Postgres\KIIRLAYE.V1.0\wildfly27\standalone\tmp
	jdk.debug = release
	line.separator = 

	logging.configuration = file:C:\Users\hp\Desktop\Jakarta-Postgres\KIIRLAYE.V1.0\wildfly27\standalone\configuration/logging.properties
	module.path = C:\Users\hp\Desktop\Jakarta-Postgres\KIIRLAYE.V1.0\wildfly27\modules
	native.encoding = Cp1252
	org.jboss.boot.log.file = C:\Users\hp\Desktop\Jakarta-Postgres\KIIRLAYE.V1.0\wildfly27\standalone\log\server.log
	org.jboss.resolver.warning = true
	os.arch = amd64
	os.name = Windows 11
	os.version = 10.0
	path.separator = ;
	program.name = standalone.bat
	sun.arch.data.model = 64
	sun.boot.library.path = C:\Program Files\Java\jdk-17\bin
	sun.cpu.endian = little
	sun.cpu.isalist = amd64
	sun.io.unicode.encoding = UnicodeLittle
	sun.java.command = C:\Users\hp\Desktop\Jakarta-Postgres\KIIRLAYE.V1.0\wildfly27\jboss-modules.jar -mp C:\Users\hp\Desktop\Jakarta-Postgres\KIIRLAYE.V1.0\wildfly27\modules org.jboss.as.standalone -Djboss.home.dir=C:\Users\hp\Desktop\Jakarta-Postgres\KIIRLAYE.V1.0\wildfly27
	sun.java.launcher = SUN_STANDARD
	sun.jnu.encoding = Cp1252
	sun.management.compiler = HotSpot 64-Bit Tiered Compilers
	sun.os.patch.level = 
	sun.stderr.encoding = cp850
	sun.stdout.encoding = cp850
	user.country = SN
	user.dir = C:\Users\hp\Desktop\Jakarta-Postgres\KIIRLAYE.V1.0\wildfly27\bin
	user.home = C:\Users\hp
	user.language = fr
	user.name = hp
	user.script = 
	user.timezone = Africa/Dakar
	user.variant = 
2023-04-13 14:13:50,786 DEBUG [org.jboss.as.config] (MSC service thread 1-2) VM Arguments: -Dprogram.name=standalone.bat -Xms64M -Xmx512M -XX:MetaspaceSize=96M -XX:MaxMetaspaceSize=256m -Djava.net.preferIPv4Stack=true -Djboss.modules.system.pkgs=org.jboss.byteman -Djava.awt.headless=true --add-exports=java.desktop/sun.awt=ALL-UNNAMED --add-exports=java.naming/com.sun.jndi.ldap=ALL-UNNAMED --add-exports=java.naming/com.sun.jndi.url.ldap=ALL-UNNAMED --add-exports=java.naming/com.sun.jndi.url.ldaps=ALL-UNNAMED --add-exports=jdk.naming.dns/com.sun.jndi.dns=ALL-UNNAMED --add-opens=java.base/java.lang=ALL-UNNAMED --add-opens=java.base/java.lang.invoke=ALL-UNNAMED --add-opens=java.base/java.io=ALL-UNNAMED --add-opens=java.base/java.lang.reflect=ALL-UNNAMED --add-opens=java.base/java.security=ALL-UNNAMED --add-opens=java.base/java.util=ALL-UNNAMED --add-opens=java.base/java.util.concurrent=ALL-UNNAMED --add-opens=java.management/javax.management=ALL-UNNAMED --add-opens=java.naming/javax.naming=ALL-UNNAMED -Djava.security.manager=allow -Dorg.jboss.boot.log.file=C:\Users\hp\Desktop\Jakarta-Postgres\KIIRLAYE.V1.0\wildfly27\standalone\log\server.log -Dlogging.configuration=file:C:\Users\hp\Desktop\Jakarta-Postgres\KIIRLAYE.V1.0\wildfly27\standalone\configuration/logging.properties 
2023-04-13 14:13:52,053 INFO  [org.wildfly.security] (ServerService Thread Pool -- 28) ELY00001: WildFly Elytron version 2.0.0.Final
2023-04-13 14:13:52,786 WARN  [org.jboss.as.controller] (ServerService Thread Pool -- 15) WFLYCTL0481: The runtime dependency package 'io.smallrye.opentracing-contrib' is already registered at location '/subsystem=microprofile-opentracing-smallrye'
2023-04-13 14:13:52,787 WARN  [org.jboss.as.controller] (ServerService Thread Pool -- 15) WFLYCTL0481: The runtime dependency package 'io.smallrye.opentracing-contrib' is already registered at location '/subsystem=microprofile-opentracing-smallrye'
2023-04-13 14:13:53,725 INFO  [org.jboss.as.controller.management-deprecated] (ServerService Thread Pool -- 12) WFLYCTL0028: Attribute 'cluster' in the resource at address '/subsystem=ejb3/service=remote' is deprecated, and may be removed in a future version. See the attribute description in the output of the read-resource-description operation to learn more about the deprecation.
2023-04-13 14:13:53,787 INFO  [org.jboss.as.server.deployment.scanner] (DeploymentScanner-threads - 1) WFLYDS0004: Found DataSource.war in deployment directory. To trigger deployment create a file called DataSource.war.dodeploy
2023-04-13 14:13:53,974 INFO  [org.jboss.as.server] (Controller Boot Thread) WFLYSRV0039: Creating http management service using socket-binding (management-http)
2023-04-13 14:13:54,028 INFO  [org.xnio] (MSC service thread 1-7) XNIO version 3.8.8.Final
2023-04-13 14:13:54,044 INFO  [org.xnio.nio] (MSC service thread 1-7) XNIO NIO Implementation Version 3.8.8.Final
2023-04-13 14:13:54,102 INFO  [org.jboss.as.jaxrs] (ServerService Thread Pool -- 58) WFLYRS0016: RESTEasy version 6.2.1.Final
2023-04-13 14:13:54,117 INFO  [org.wildfly.extension.elytron.oidc._private] (ServerService Thread Pool -- 54) WFLYOIDC0001: Activating WildFly Elytron OIDC Subsystem
2023-04-13 14:13:54,124 INFO  [org.jboss.as.clustering.infinispan] (ServerService Thread Pool -- 56) WFLYCLINF0001: Activating Infinispan subsystem.
2023-04-13 14:13:54,126 INFO  [org.wildfly.extension.health] (ServerService Thread Pool -- 55) WFLYHEALTH0001: Activating Base Health Subsystem
2023-04-13 14:13:54,135 WARN  [org.jboss.as.txn] (ServerService Thread Pool -- 76) WFLYTX0013: The node-identifier attribute on the /subsystem=transactions is set to the default value. This is a danger for environments running multiple servers. Please make sure the attribute value is unique.
2023-04-13 14:13:54,136 INFO  [org.wildfly.extension.microprofile.jwt.smallrye] (ServerService Thread Pool -- 67) WFLYJWT0001: Activating MicroProfile JWT Subsystem
2023-04-13 14:13:54,142 INFO  [org.wildfly.extension.microprofile.config.smallrye] (ServerService Thread Pool -- 66) WFLYCONF0001: Activating MicroProfile Config Subsystem
2023-04-13 14:13:54,202 INFO  [org.jboss.as.naming] (ServerService Thread Pool -- 69) WFLYNAM0001: Activating Naming Subsystem
2023-04-13 14:13:54,208 INFO  [org.jboss.as.webservices] (ServerService Thread Pool -- 78) WFLYWS0002: Activating WebServices Extension
2023-04-13 14:13:54,209 INFO  [org.jboss.as.jsf] (ServerService Thread Pool -- 63) WFLYJSF0007: Activated the following Jakarta Server Faces Implementations: [main]
2023-04-13 14:13:54,266 INFO  [org.wildfly.extension.microprofile.opentracing] (ServerService Thread Pool -- 68) WFLYTRACEXT0001: Activating MicroProfile OpenTracing Subsystem
2023-04-13 14:13:54,293 INFO  [org.wildfly.extension.metrics] (ServerService Thread Pool -- 65) WFLYMETRICS0001: Activating Base Metrics Subsystem
2023-04-13 14:13:54,366 INFO  [org.jboss.as.connector] (MSC service thread 1-5) WFLYJCA0009: Starting Jakarta Connectors Subsystem (WildFly/IronJacamar 1.5.9.Final)
2023-04-13 14:13:54,448 INFO  [org.wildfly.extension.undertow] (MSC service thread 1-2) WFLYUT0003: Undertow 2.3.0.Final starting
2023-04-13 14:13:54,511 INFO  [org.jboss.as.connector.subsystems.datasources] (ServerService Thread Pool -- 45) WFLYJCA0004: Deploying JDBC-compliant driver class org.h2.Driver (version 2.1)
2023-04-13 14:13:54,550 INFO  [org.jboss.as.connector.deployers.jdbc] (MSC service thread 1-2) WFLYJCA0018: Started Driver service with driver-name = h2
2023-04-13 14:13:54,554 INFO  [org.jboss.as.naming] (MSC service thread 1-6) WFLYNAM0003: Starting Naming Service
2023-04-13 14:13:54,672 WARN  [org.wildfly.extension.elytron] (MSC service thread 1-6) WFLYELY00023: KeyStore file 'C:\Users\hp\Desktop\Jakarta-Postgres\KIIRLAYE.V1.0\wildfly27\standalone\configuration\application.keystore' does not exist. Used blank.
2023-04-13 14:13:54,676 INFO  [org.jboss.as.mail.extension] (MSC service thread 1-3) WFLYMAIL0001: Bound mail session [java:jboss/mail/Default]
2023-04-13 14:13:54,747 INFO  [org.wildfly.extension.undertow] (ServerService Thread Pool -- 77) WFLYUT0014: Creating file handler for path 'C:\Users\hp\Desktop\Jakarta-Postgres\KIIRLAYE.V1.0\wildfly27/welcome-content' with options [directory-listing: 'false', follow-symlink: 'false', case-sensitive: 'true', safe-symlink-paths: '[]']
2023-04-13 14:13:54,782 WARN  [org.wildfly.extension.elytron] (MSC service thread 1-6) WFLYELY01084: KeyStore C:\Users\hp\Desktop\Jakarta-Postgres\KIIRLAYE.V1.0\wildfly27\standalone\configuration\application.keystore not found, it will be auto generated on first use with a self-signed certificate for host localhost
2023-04-13 14:13:54,911 INFO  [org.wildfly.extension.io] (ServerService Thread Pool -- 57) WFLYIO001: Worker 'default' has auto-configured to 16 IO threads with 128 max task threads based on your 8 available processors
2023-04-13 14:13:55,030 INFO  [org.jboss.as.ejb3] (MSC service thread 1-6) WFLYEJB0482: Strict pool mdb-strict-max-pool is using a max instance size of 32 (per class), which is derived from the number of CPUs on this host.
2023-04-13 14:13:55,030 INFO  [org.jboss.as.ejb3] (MSC service thread 1-8) WFLYEJB0481: Strict pool slsb-strict-max-pool is using a max instance size of 128 (per class), which is derived from thread worker pool sizing.
2023-04-13 14:13:55,033 INFO  [org.jboss.remoting] (MSC service thread 1-3) JBoss Remoting version 5.0.26.Final
2023-04-13 14:13:55,056 INFO  [org.wildfly.extension.undertow] (MSC service thread 1-8) WFLYUT0012: Started server default-server.
2023-04-13 14:13:55,059 INFO  [org.wildfly.extension.undertow] (MSC service thread 1-2) Queuing requests.
2023-04-13 14:13:55,064 INFO  [org.wildfly.extension.undertow] (MSC service thread 1-2) WFLYUT0018: Host default-host starting
2023-04-13 14:13:55,211 INFO  [org.wildfly.extension.undertow] (MSC service thread 1-6) WFLYUT0006: Undertow HTTP listener default listening on 127.0.0.1:8080
2023-04-13 14:13:55,310 INFO  [org.wildfly.extension.undertow] (MSC service thread 1-1) WFLYUT0006: Undertow HTTPS listener https listening on 127.0.0.1:8443
2023-04-13 14:13:55,458 INFO  [org.jboss.as.ejb3] (MSC service thread 1-5) WFLYEJB0493: Jakarta Enterprise Beans subsystem suspension complete
2023-04-13 14:13:55,516 INFO  [org.jboss.as.server.deployment] (MSC service thread 1-2) WFLYSRV0027: Starting deployment of "postgresql-42.6.0 .jar" (runtime-name: "postgresql-42.6.0 .jar")
2023-04-13 14:13:55,516 INFO  [org.jboss.as.server.deployment] (MSC service thread 1-3) WFLYSRV0027: Starting deployment of "mysql-connector-java-8.0.30.jar" (runtime-name: "mysql-connector-java-8.0.30.jar")
2023-04-13 14:13:55,568 INFO  [org.jboss.as.patching] (MSC service thread 1-7) WFLYPAT0050: WildFly Full cumulative patch ID is: base, one-off patches include: none
2023-04-13 14:13:55,577 INFO  [org.jboss.as.server.deployment.scanner] (MSC service thread 1-3) WFLYDS0013: Started FileSystemDeploymentService for directory C:\Users\hp\Desktop\Jakarta-Postgres\KIIRLAYE.V1.0\wildfly27\standalone\deployments
2023-04-13 14:13:55,656 INFO  [org.jboss.as.connector.subsystems.datasources] (MSC service thread 1-4) WFLYJCA0001: Bound data source [java:jboss/datasources/ExampleDS]
2023-04-13 14:13:55,761 INFO  [org.jboss.ws.common.management] (MSC service thread 1-6) JBWS022052: Starting JBossWS 6.1.0.Final (Apache CXF 3.5.2.jbossorg-4) 
2023-04-13 14:13:56,713 INFO  [org.jboss.as.connector.deployers.jdbc] (MSC service thread 1-2) WFLYJCA0005: Deploying non-JDBC-compliant driver class org.postgresql.Driver (version 42.6)
2023-04-13 14:13:56,732 INFO  [org.jboss.as.connector.deployers.jdbc] (MSC service thread 1-7) WFLYJCA0005: Deploying non-JDBC-compliant driver class com.mysql.cj.jdbc.Driver (version 8.0)
2023-04-13 14:13:56,747 INFO  [org.jboss.as.connector.deployers.jdbc] (MSC service thread 1-5) WFLYJCA0018: Started Driver service with driver-name = postgresql-42.6.0 .jar
2023-04-13 14:13:56,747 INFO  [org.jboss.as.connector.deployers.jdbc] (MSC service thread 1-8) WFLYJCA0018: Started Driver service with driver-name = mysql-connector-java-8.0.30.jar
2023-04-13 14:13:56,752 INFO  [org.jboss.as.connector.subsystems.datasources] (MSC service thread 1-8) WFLYJCA0001: Bound data source [java:/RidwanDS]
2023-04-13 14:13:56,885 INFO  [org.jboss.as.server] (Controller Boot Thread) WFLYSRV0010: Deployed "postgresql-42.6.0 .jar" (runtime-name : "postgresql-42.6.0 .jar")
2023-04-13 14:13:56,885 INFO  [org.jboss.as.server] (Controller Boot Thread) WFLYSRV0010: Deployed "mysql-connector-java-8.0.30.jar" (runtime-name : "mysql-connector-java-8.0.30.jar")
2023-04-13 14:13:56,996 INFO  [org.jboss.as.server] (Controller Boot Thread) WFLYSRV0212: Resuming server
2023-04-13 14:13:57,000 INFO  [org.jboss.as] (Controller Boot Thread) WFLYSRV0025: WildFly Full 27.0.1.Final (WildFly Core 19.0.1.Final) started in 8427ms - Started 417 of 671 services (364 services are lazy, passive or on-demand) - Server configuration file in use: standalone.xml
2023-04-13 14:13:57,005 INFO  [org.jboss.as] (Controller Boot Thread) WFLYSRV0060: Http management interface listening on http://127.0.0.1:9990/management
2023-04-13 14:13:57,006 INFO  [org.jboss.as] (Controller Boot Thread) WFLYSRV0051: Admin console listening on http://127.0.0.1:9990
2023-04-13 14:17:39,433 INFO  [org.jboss.modules] (main) JBoss Modules version 2.0.3.Final
2023-04-13 14:17:40,412 INFO  [org.jboss.msc] (main) JBoss MSC version 1.4.13.Final
2023-04-13 14:17:40,424 INFO  [org.jboss.threads] (main) JBoss Threads version 2.4.0.Final
2023-04-13 14:17:40,613 INFO  [org.jboss.as] (MSC service thread 1-2) WFLYSRV0049: WildFly Full 27.0.1.Final (WildFly Core 19.0.1.Final) starting
2023-04-13 14:17:40,615 DEBUG [org.jboss.as.config] (MSC service thread 1-2) Configured system properties:
	file.encoding = Cp1252
	file.separator = \
	java.awt.headless = true
	java.class.path = C:\Users\hp\Desktop\Jakarta-Postgres\KIIRLAYE.V1.0\wildfly27\jboss-modules.jar
	java.class.version = 61.0
	java.home = C:\Program Files\Java\jdk-17
	java.io.tmpdir = C:\Users\hp\AppData\Local\Temp\
	java.library.path = C:\Program Files\Java\jdk-17\bin;C:\WINDOWS\Sun\Java\bin;C:\WINDOWS\system32;C:\WINDOWS;C:\Program Files\Common Files\Oracle\Java\javapath;C:\WINDOWS\system32;C:\WINDOWS;C:\WINDOWS\System32\Wbem;C:\WINDOWS\System32\WindowsPowerShell\v1.0\;C:\WINDOWS\System32\OpenSSH\;C:\Program Files\Microsoft VS Code\bin;C:\Program Files\Docker\Docker\resources\bin;C:\Program Files\apache-maven-3.9.0-bin\apache-maven-3.9.0\bin\bin;C:\Program Files\Git\cmd;C:\Program Files\apache-maven-3.9.1\bin;C:\Users\hp\AppData\Roaming\nvm;C:\Program Files\nodejs;C:\Program Files\nodejs\;C:\Program Files\Java\jdk-17\bin;C:\Users\hp\AppData\Local\Microsoft\WindowsApps;C:\Program Files\JetBrains\IntelliJ IDEA 2022.3.1\bin;C:\Program Files\apache-maven-3.9.0-bin\apache-maven-3.9.0\bin;C:\pgsql\bin;INSTALL_PATH;C:\Users\hp\AppData\Roaming\npm;.
	java.net.preferIPv4Stack = true
	java.runtime.name = Java(TM) SE Runtime Environment
	java.runtime.version = 17.0.6+9-LTS-190
	java.security.manager = allow
	java.specification.name = Java Platform API Specification
	java.specification.vendor = Oracle Corporation
	java.specification.version = 17
	java.util.logging.manager = org.jboss.logmanager.LogManager
	java.vendor = Oracle Corporation
	java.vendor.url = https://java.oracle.com/
	java.vendor.url.bug = https://bugreport.java.com/bugreport/
	java.version = 17.0.6
	java.version.date = 2023-01-17
	java.vm.compressedOopsMode = 32-bit
	java.vm.info = mixed mode, sharing
	java.vm.name = Java HotSpot(TM) 64-Bit Server VM
	java.vm.specification.name = Java Virtual Machine Specification
	java.vm.specification.vendor = Oracle Corporation
	java.vm.specification.version = 17
	java.vm.vendor = Oracle Corporation
	java.vm.version = 17.0.6+9-LTS-190
	javax.management.builder.initial = org.jboss.as.jmx.PluggableMBeanServerBuilder
	jboss.home.dir = C:\Users\hp\Desktop\Jakarta-Postgres\KIIRLAYE.V1.0\wildfly27
	jboss.host.name = desktop-0h85ffo
	jboss.modules.dir = C:\Users\hp\Desktop\Jakarta-Postgres\KIIRLAYE.V1.0\wildfly27\modules
	jboss.modules.system.pkgs = org.jboss.byteman
	jboss.node.name = desktop-0h85ffo
	jboss.qualified.host.name = desktop-0h85ffo
	jboss.server.base.dir = C:\Users\hp\Desktop\Jakarta-Postgres\KIIRLAYE.V1.0\wildfly27\standalone
	jboss.server.config.dir = C:\Users\hp\Desktop\Jakarta-Postgres\KIIRLAYE.V1.0\wildfly27\standalone\configuration
	jboss.server.data.dir = C:\Users\hp\Desktop\Jakarta-Postgres\KIIRLAYE.V1.0\wildfly27\standalone\data
	jboss.server.deploy.dir = C:\Users\hp\Desktop\Jakarta-Postgres\KIIRLAYE.V1.0\wildfly27\standalone\data\content
	jboss.server.log.dir = C:\Users\hp\Desktop\Jakarta-Postgres\KIIRLAYE.V1.0\wildfly27\standalone\log
	jboss.server.name = desktop-0h85ffo
	jboss.server.persist.config = true
	jboss.server.temp.dir = C:\Users\hp\Desktop\Jakarta-Postgres\KIIRLAYE.V1.0\wildfly27\standalone\tmp
	jdk.debug = release
	line.separator = 

	logging.configuration = file:C:\Users\hp\Desktop\Jakarta-Postgres\KIIRLAYE.V1.0\wildfly27\standalone\configuration/logging.properties
	module.path = C:\Users\hp\Desktop\Jakarta-Postgres\KIIRLAYE.V1.0\wildfly27\modules
	native.encoding = Cp1252
	org.jboss.boot.log.file = C:\Users\hp\Desktop\Jakarta-Postgres\KIIRLAYE.V1.0\wildfly27\standalone\log\server.log
	org.jboss.resolver.warning = true
	os.arch = amd64
	os.name = Windows 11
	os.version = 10.0
	path.separator = ;
	program.name = standalone.bat
	sun.arch.data.model = 64
	sun.boot.library.path = C:\Program Files\Java\jdk-17\bin
	sun.cpu.endian = little
	sun.cpu.isalist = amd64
	sun.io.unicode.encoding = UnicodeLittle
	sun.java.command = C:\Users\hp\Desktop\Jakarta-Postgres\KIIRLAYE.V1.0\wildfly27\jboss-modules.jar -mp C:\Users\hp\Desktop\Jakarta-Postgres\KIIRLAYE.V1.0\wildfly27\modules org.jboss.as.standalone -Djboss.home.dir=C:\Users\hp\Desktop\Jakarta-Postgres\KIIRLAYE.V1.0\wildfly27
	sun.java.launcher = SUN_STANDARD
	sun.jnu.encoding = Cp1252
	sun.management.compiler = HotSpot 64-Bit Tiered Compilers
	sun.os.patch.level = 
	sun.stderr.encoding = cp850
	sun.stdout.encoding = cp850
	user.country = SN
	user.dir = C:\Users\hp\Desktop\Jakarta-Postgres\KIIRLAYE.V1.0\wildfly27\bin
	user.home = C:\Users\hp
	user.language = fr
	user.name = hp
	user.script = 
	user.timezone = Africa/Dakar
	user.variant = 
2023-04-13 14:17:40,620 DEBUG [org.jboss.as.config] (MSC service thread 1-2) VM Arguments: -Dprogram.name=standalone.bat -Xms64M -Xmx512M -XX:MetaspaceSize=96M -XX:MaxMetaspaceSize=256m -Djava.net.preferIPv4Stack=true -Djboss.modules.system.pkgs=org.jboss.byteman -Djava.awt.headless=true --add-exports=java.desktop/sun.awt=ALL-UNNAMED --add-exports=java.naming/com.sun.jndi.ldap=ALL-UNNAMED --add-exports=java.naming/com.sun.jndi.url.ldap=ALL-UNNAMED --add-exports=java.naming/com.sun.jndi.url.ldaps=ALL-UNNAMED --add-exports=jdk.naming.dns/com.sun.jndi.dns=ALL-UNNAMED --add-opens=java.base/java.lang=ALL-UNNAMED --add-opens=java.base/java.lang.invoke=ALL-UNNAMED --add-opens=java.base/java.io=ALL-UNNAMED --add-opens=java.base/java.lang.reflect=ALL-UNNAMED --add-opens=java.base/java.security=ALL-UNNAMED --add-opens=java.base/java.util=ALL-UNNAMED --add-opens=java.base/java.util.concurrent=ALL-UNNAMED --add-opens=java.management/javax.management=ALL-UNNAMED --add-opens=java.naming/javax.naming=ALL-UNNAMED -Djava.security.manager=allow -Dorg.jboss.boot.log.file=C:\Users\hp\Desktop\Jakarta-Postgres\KIIRLAYE.V1.0\wildfly27\standalone\log\server.log -Dlogging.configuration=file:C:\Users\hp\Desktop\Jakarta-Postgres\KIIRLAYE.V1.0\wildfly27\standalone\configuration/logging.properties 
2023-04-13 14:17:41,886 INFO  [org.wildfly.security] (ServerService Thread Pool -- 28) ELY00001: WildFly Elytron version 2.0.0.Final
2023-04-13 14:17:42,556 WARN  [org.jboss.as.controller] (ServerService Thread Pool -- 17) WFLYCTL0481: The runtime dependency package 'io.smallrye.opentracing-contrib' is already registered at location '/subsystem=microprofile-opentracing-smallrye'
2023-04-13 14:17:42,557 WARN  [org.jboss.as.controller] (ServerService Thread Pool -- 17) WFLYCTL0481: The runtime dependency package 'io.smallrye.opentracing-contrib' is already registered at location '/subsystem=microprofile-opentracing-smallrye'
2023-04-13 14:17:43,420 INFO  [org.jboss.as.controller.management-deprecated] (ServerService Thread Pool -- 2) WFLYCTL0028: Attribute 'cluster' in the resource at address '/subsystem=ejb3/service=remote' is deprecated, and may be removed in a future version. See the attribute description in the output of the read-resource-description operation to learn more about the deprecation.
2023-04-13 14:17:43,455 INFO  [org.jboss.as.server.deployment.scanner] (DeploymentScanner-threads - 1) WFLYDS0004: Found DataSource.war in deployment directory. To trigger deployment create a file called DataSource.war.dodeploy
2023-04-13 14:17:43,629 INFO  [org.jboss.as.server] (Controller Boot Thread) WFLYSRV0039: Creating http management service using socket-binding (management-http)
2023-04-13 14:17:43,653 INFO  [org.xnio] (MSC service thread 1-6) XNIO version 3.8.8.Final
2023-04-13 14:17:43,666 INFO  [org.xnio.nio] (MSC service thread 1-6) XNIO NIO Implementation Version 3.8.8.Final
2023-04-13 14:17:43,737 INFO  [org.jboss.as.jaxrs] (ServerService Thread Pool -- 58) WFLYRS0016: RESTEasy version 6.2.1.Final
2023-04-13 14:17:43,759 INFO  [org.wildfly.extension.elytron.oidc._private] (ServerService Thread Pool -- 54) WFLYOIDC0001: Activating WildFly Elytron OIDC Subsystem
2023-04-13 14:17:43,765 INFO  [org.jboss.as.clustering.infinispan] (ServerService Thread Pool -- 56) WFLYCLINF0001: Activating Infinispan subsystem.
2023-04-13 14:17:43,765 INFO  [org.wildfly.extension.health] (ServerService Thread Pool -- 55) WFLYHEALTH0001: Activating Base Health Subsystem
2023-04-13 14:17:43,776 WARN  [org.jboss.as.txn] (ServerService Thread Pool -- 76) WFLYTX0013: The node-identifier attribute on the /subsystem=transactions is set to the default value. This is a danger for environments running multiple servers. Please make sure the attribute value is unique.
2023-04-13 14:17:43,777 INFO  [org.wildfly.extension.microprofile.jwt.smallrye] (ServerService Thread Pool -- 67) WFLYJWT0001: Activating MicroProfile JWT Subsystem
2023-04-13 14:17:43,782 INFO  [org.wildfly.extension.microprofile.config.smallrye] (ServerService Thread Pool -- 66) WFLYCONF0001: Activating MicroProfile Config Subsystem
2023-04-13 14:17:43,806 INFO  [org.jboss.as.jsf] (ServerService Thread Pool -- 63) WFLYJSF0007: Activated the following Jakarta Server Faces Implementations: [main]
2023-04-13 14:17:43,848 INFO  [org.wildfly.extension.microprofile.opentracing] (ServerService Thread Pool -- 68) WFLYTRACEXT0001: Activating MicroProfile OpenTracing Subsystem
2023-04-13 14:17:43,849 INFO  [org.jboss.as.naming] (ServerService Thread Pool -- 69) WFLYNAM0001: Activating Naming Subsystem
2023-04-13 14:17:43,852 INFO  [org.jboss.as.webservices] (ServerService Thread Pool -- 78) WFLYWS0002: Activating WebServices Extension
2023-04-13 14:17:43,853 INFO  [org.wildfly.extension.metrics] (ServerService Thread Pool -- 65) WFLYMETRICS0001: Activating Base Metrics Subsystem
2023-04-13 14:17:44,110 INFO  [org.jboss.as.connector.subsystems.datasources] (ServerService Thread Pool -- 45) WFLYJCA0004: Deploying JDBC-compliant driver class org.h2.Driver (version 2.1)
2023-04-13 14:17:44,114 INFO  [org.wildfly.extension.undertow] (MSC service thread 1-4) WFLYUT0003: Undertow 2.3.0.Final starting
2023-04-13 14:17:44,137 INFO  [org.jboss.as.connector] (MSC service thread 1-4) WFLYJCA0009: Starting Jakarta Connectors Subsystem (WildFly/IronJacamar 1.5.9.Final)
2023-04-13 14:17:44,295 INFO  [org.jboss.as.naming] (MSC service thread 1-2) WFLYNAM0003: Starting Naming Service
2023-04-13 14:17:44,297 INFO  [org.jboss.as.connector.deployers.jdbc] (MSC service thread 1-4) WFLYJCA0018: Started Driver service with driver-name = h2
2023-04-13 14:17:44,308 INFO  [org.jboss.as.mail.extension] (MSC service thread 1-3) WFLYMAIL0001: Bound mail session [java:jboss/mail/Default]
2023-04-13 14:17:44,352 WARN  [org.wildfly.extension.elytron] (MSC service thread 1-2) WFLYELY00023: KeyStore file 'C:\Users\hp\Desktop\Jakarta-Postgres\KIIRLAYE.V1.0\wildfly27\standalone\configuration\application.keystore' does not exist. Used blank.
2023-04-13 14:17:44,427 INFO  [org.wildfly.extension.undertow] (ServerService Thread Pool -- 77) WFLYUT0014: Creating file handler for path 'C:\Users\hp\Desktop\Jakarta-Postgres\KIIRLAYE.V1.0\wildfly27/welcome-content' with options [directory-listing: 'false', follow-symlink: 'false', case-sensitive: 'true', safe-symlink-paths: '[]']
2023-04-13 14:17:44,461 WARN  [org.wildfly.extension.elytron] (MSC service thread 1-2) WFLYELY01084: KeyStore C:\Users\hp\Desktop\Jakarta-Postgres\KIIRLAYE.V1.0\wildfly27\standalone\configuration\application.keystore not found, it will be auto generated on first use with a self-signed certificate for host localhost
2023-04-13 14:17:44,490 INFO  [org.wildfly.extension.io] (ServerService Thread Pool -- 57) WFLYIO001: Worker 'default' has auto-configured to 16 IO threads with 128 max task threads based on your 8 available processors
2023-04-13 14:17:44,641 INFO  [org.jboss.remoting] (MSC service thread 1-3) JBoss Remoting version 5.0.26.Final
2023-04-13 14:17:44,642 INFO  [org.jboss.as.ejb3] (MSC service thread 1-8) WFLYEJB0482: Strict pool mdb-strict-max-pool is using a max instance size of 32 (per class), which is derived from the number of CPUs on this host.
2023-04-13 14:17:44,642 INFO  [org.jboss.as.ejb3] (MSC service thread 1-7) WFLYEJB0481: Strict pool slsb-strict-max-pool is using a max instance size of 128 (per class), which is derived from thread worker pool sizing.
2023-04-13 14:17:44,648 INFO  [org.wildfly.extension.undertow] (MSC service thread 1-5) WFLYUT0012: Started server default-server.
2023-04-13 14:17:44,662 INFO  [org.wildfly.extension.undertow] (MSC service thread 1-7) Queuing requests.
2023-04-13 14:17:44,670 INFO  [org.wildfly.extension.undertow] (MSC service thread 1-7) WFLYUT0018: Host default-host starting
2023-04-13 14:17:44,926 INFO  [org.wildfly.extension.undertow] (MSC service thread 1-8) WFLYUT0006: Undertow HTTP listener default listening on 127.0.0.1:8080
2023-04-13 14:17:45,030 INFO  [org.wildfly.extension.undertow] (MSC service thread 1-8) WFLYUT0006: Undertow HTTPS listener https listening on 127.0.0.1:8443
2023-04-13 14:17:45,146 INFO  [org.jboss.as.ejb3] (MSC service thread 1-6) WFLYEJB0493: Jakarta Enterprise Beans subsystem suspension complete
2023-04-13 14:17:45,195 INFO  [org.jboss.as.server.deployment] (MSC service thread 1-7) WFLYSRV0027: Starting deployment of "mysql-connector-java-8.0.30.jar" (runtime-name: "mysql-connector-java-8.0.30.jar")
2023-04-13 14:17:45,195 INFO  [org.jboss.as.server.deployment] (MSC service thread 1-1) WFLYSRV0027: Starting deployment of "postgresql-42.6.0 .jar" (runtime-name: "postgresql-42.6.0 .jar")
2023-04-13 14:17:45,235 INFO  [org.jboss.as.patching] (MSC service thread 1-6) WFLYPAT0050: WildFly Full cumulative patch ID is: base, one-off patches include: none
2023-04-13 14:17:45,245 INFO  [org.jboss.as.server.deployment.scanner] (MSC service thread 1-2) WFLYDS0013: Started FileSystemDeploymentService for directory C:\Users\hp\Desktop\Jakarta-Postgres\KIIRLAYE.V1.0\wildfly27\standalone\deployments
2023-04-13 14:17:45,315 INFO  [org.jboss.as.connector.subsystems.datasources] (MSC service thread 1-3) WFLYJCA0001: Bound data source [java:jboss/datasources/ExampleDS]
2023-04-13 14:17:45,516 INFO  [org.jboss.ws.common.management] (MSC service thread 1-5) JBWS022052: Starting JBossWS 6.1.0.Final (Apache CXF 3.5.2.jbossorg-4) 
2023-04-13 14:17:46,340 INFO  [org.jboss.as.connector.deployers.jdbc] (MSC service thread 1-5) WFLYJCA0005: Deploying non-JDBC-compliant driver class org.postgresql.Driver (version 42.6)
2023-04-13 14:17:46,362 INFO  [org.jboss.as.connector.deployers.jdbc] (MSC service thread 1-3) WFLYJCA0018: Started Driver service with driver-name = postgresql-42.6.0 .jar
2023-04-13 14:17:46,371 INFO  [org.jboss.as.connector.subsystems.datasources] (MSC service thread 1-3) WFLYJCA0001: Bound data source [java:/RidwanDS]
2023-04-13 14:17:46,382 INFO  [org.jboss.as.connector.deployers.jdbc] (MSC service thread 1-8) WFLYJCA0005: Deploying non-JDBC-compliant driver class com.mysql.cj.jdbc.Driver (version 8.0)
2023-04-13 14:17:46,387 INFO  [org.jboss.as.connector.deployers.jdbc] (MSC service thread 1-3) WFLYJCA0018: Started Driver service with driver-name = mysql-connector-java-8.0.30.jar
2023-04-13 14:17:46,492 INFO  [org.jboss.as.server] (Controller Boot Thread) WFLYSRV0010: Deployed "postgresql-42.6.0 .jar" (runtime-name : "postgresql-42.6.0 .jar")
2023-04-13 14:17:46,492 INFO  [org.jboss.as.server] (Controller Boot Thread) WFLYSRV0010: Deployed "mysql-connector-java-8.0.30.jar" (runtime-name : "mysql-connector-java-8.0.30.jar")
2023-04-13 14:17:46,557 INFO  [org.jboss.as.server] (Controller Boot Thread) WFLYSRV0212: Resuming server
2023-04-13 14:17:46,559 INFO  [org.jboss.as] (Controller Boot Thread) WFLYSRV0025: WildFly Full 27.0.1.Final (WildFly Core 19.0.1.Final) started in 7945ms - Started 417 of 671 services (364 services are lazy, passive or on-demand) - Server configuration file in use: standalone.xml
2023-04-13 14:17:46,564 INFO  [org.jboss.as] (Controller Boot Thread) WFLYSRV0060: Http management interface listening on http://127.0.0.1:9990/management
2023-04-13 14:17:46,565 INFO  [org.jboss.as] (Controller Boot Thread) WFLYSRV0051: Admin console listening on http://127.0.0.1:9990
